#
# There is insufficient memory for the Java Runtime Environment to continue.
# Native memory allocation (malloc) failed to allocate 1431072 bytes. Error detail: Chunk::new
# Possible reasons:
#   The system is out of physical RAM or swap space
#   This process is running with CompressedOops enabled, and the Java Heap may be blocking the growth of the native heap
# Possible solutions:
#   Reduce memory load on the system
#   Increase physical memory or swap space
#   Check if swap backing store is full
#   Decrease Java heap size (-Xmx/-Xms)
#   Decrease number of Java threads
#   Decrease Java thread stack sizes (-Xss)
#   Set larger code cache with -XX:ReservedCodeCacheSize=
#   JVM is running with Unscaled Compressed Oops mode in which the Java heap is
#     placed in the first 4GB address space. The Java Heap base address is the
#     maximum limit for the native heap growth. Please use -XX:HeapBaseMinAddress
#     to set the Java Heap base and to place the Java Heap above 4GB virtual address.
# This output file may be truncated or incomplete.
#
#  Out of Memory Error (arena.cpp:168), pid=51108, tid=50268
#
# JRE version: OpenJDK Runtime Environment Temurin-21.0.11+10 (21.0.11+10) (build 21.0.11+10-LTS)
# Java VM: OpenJDK 64-Bit Server VM Temurin-21.0.11+10 (21.0.11+10-LTS, mixed mode, sharing, tiered, compressed oops, compressed class ptrs, parallel gc, windows-amd64)
# No core dump will be written. Minidumps are not enabled by default on client versions of Windows
#

---------------  S U M M A R Y ------------

Command Line: --add-modules=ALL-SYSTEM --add-opens=java.base/java.util=ALL-UNNAMED --add-opens=java.base/java.lang=ALL-UNNAMED --add-opens=java.base/sun.nio.fs=ALL-UNNAMED -Declipse.application=org.eclipse.jdt.ls.core.id1 -Dosgi.bundles.defaultStartLevel=4 -Declipse.product=org.eclipse.jdt.ls.core.product -Djava.import.generatesMetadataFilesAtProjectRoot=false -DDetectVMInstallationsJob.disabled=true -Dfile.encoding=utf8 -XX:+UseParallelGC -XX:GCTimeRatio=4 -XX:AdaptiveSizePolicyWeight=90 -Dsun.zip.disableMemoryMapping=true -Xmx2G -Xms100m -Xlog:disable -javaagent:c:\Users\padma\.vscode\extensions\redhat.java-1.55.0-win32-x64\lombok\lombok-1.18.39-4050.jar -XX:+HeapDumpOnOutOfMemoryError -XX:HeapDumpPath=c:\Users\padma\AppData\Roaming\Code\User\workspaceStorage\31a8c9826d4c04839332207054e52c7c\redhat.java -Daether.dependencyCollector.impl=bf c:\Users\padma\.vscode\extensions\redhat.java-1.55.0-win32-x64\server\plugins\org.eclipse.equinox.launcher_1.7.200.v20260619-2039.jar -configuration c:\Users\padma\AppData\Roaming\Code\User\globalStorage\redhat.java\1.55.0\config_win -data c:\Users\padma\AppData\Roaming\Code\User\workspaceStorage\31a8c9826d4c04839332207054e52c7c\redhat.java\jdt_ws --pipe=\\.\pipe\lsp-fb74340caf4e9b87dc226d23d820bfa6-sock

Host: Intel(R) Core(TM) i5-1035G1 CPU @ 1.00GHz, 8 cores, 7G,  Windows 11 , 64 bit Build 26100 (10.0.26100.8521)
Time: Fri Jul 17 10:50:16 2026 India Standard Time elapsed time: 18.507173 seconds (0d 0h 0m 18s)

---------------  T H R E A D  ---------------

Current thread (0x000001e0fd491dc0):  JavaThread "C2 CompilerThread1" daemon [_thread_in_native, id=50268, stack(0x000000ac0f400000,0x000000ac0f500000) (1024K)]


Current CompileTask:
C2:18507 7855       4       org.eclipse.jdt.internal.compiler.parser.Parser::consumeRule (7843 bytes)

Stack: [0x000000ac0f400000,0x000000ac0f500000]
Native frames: (J=compiled Java code, j=interpreted, Vv=VM code, C=native code)
V  [jvm.dll+0x6d7e19]
V  [jvm.dll+0x8b5096]
V  [jvm.dll+0x8b764e]
V  [jvm.dll+0x8b7d33]
V  [jvm.dll+0x284596]
V  [jvm.dll+0xc685d]
V  [jvm.dll+0xc6da1]
V  [jvm.dll+0x3bed6b]
V  [jvm.dll+0x38b2b2]
V  [jvm.dll+0x38a6fa]
V  [jvm.dll+0x24c700]
V  [jvm.dll+0x24bce0]
V  [jvm.dll+0x1cb4ae]
V  [jvm.dll+0x25baad]
V  [jvm.dll+0x25a03a]
V  [jvm.dll+0x3f868e]
V  [jvm.dll+0x85fb0d]
V  [jvm.dll+0x6d664d]
C  [ucrtbase.dll+0x2cd30]
C  [KERNEL32.DLL+0x2e957]
C  [ntdll.dll+0x87c1c]


---------------  P R O C E S S  ---------------

Threads class SMR info:
_java_thread_list=0x000001e0de54d1d0, length=65, elements={
0x000001e0f30dc660, 0x000001e0f304dd10, 0x000001e0f3050ee0, 0x000001e0f3053a40,
0x000001e0f3054740, 0x000001e0f305ca90, 0x000001e0f30623f0, 0x000001e0f3073830,
0x000001e0fc330870, 0x000001e0fc512fc0, 0x000001e0fc6800c0, 0x000001e0fd1b9560,
0x000001e0fcfea3c0, 0x000001e0fcfe72d0, 0x000001e0fd0919f0, 0x000001e0fd2affc0,
0x000001e0fd31c260, 0x000001e0fd42b490, 0x000001e0fd42d560, 0x000001e0fd42e280,
0x000001e0fd42bb20, 0x000001e0fd491dc0, 0x000001e0fd42ced0, 0x000001e0fd42dbf0,
0x000001e0fd42ae00, 0x000001e0d45d26b0, 0x000001e0d45d61c0, 0x000001e0d45d54a0,
0x000001e0d45d4780, 0x000001e0d45d5b30, 0x000001e0d45d4e10, 0x000001e0d45d33d0,
0x000001e0d45d3a60, 0x000001e0d45d2d40, 0x000001e0d45d9cd0, 0x000001e0d45d8290,
0x000001e0d45d7570, 0x000001e0d45d6ee0, 0x000001e0d45d8fb0, 0x000001e0d45d8920,
0x000001e0d45d9640, 0x000001e0ff068bb0, 0x000001e0ff066ae0, 0x000001e0ff067800,
0x000001e0ff069240, 0x000001e0ff065dc0, 0x000001e0ff066450, 0x000001e0ff067e90,
0x000001e0ff0698d0, 0x000001e0ff06a5f0, 0x000001e0ff068520, 0x000001e0ff06b9a0,
0x000001e0ff06c030, 0x000001e0de375dc0, 0x000001e0de375730, 0x000001e0de376450,
0x000001e0de377e90, 0x000001e0de377170, 0x000001e0de376ae0, 0x000001e0de377800,
0x000001e0de374a10, 0x000001e0de378520, 0x000001e0de3750a0, 0x000001e0de37c030,
0x000001e0de379f60
}

Java Threads: ( => current thread )
  0x000001e0f30dc660 JavaThread "main"                              [_thread_blocked, id=12676, stack(0x000000ac0d500000,0x000000ac0d600000) (1024K)]
  0x000001e0f304dd10 JavaThread "Reference Handler"          daemon [_thread_blocked, id=22152, stack(0x000000ac0d900000,0x000000ac0da00000) (1024K)]
  0x000001e0f3050ee0 JavaThread "Finalizer"                  daemon [_thread_blocked, id=58148, stack(0x000000ac0da00000,0x000000ac0db00000) (1024K)]
  0x000001e0f3053a40 JavaThread "Signal Dispatcher"          daemon [_thread_blocked, id=33948, stack(0x000000ac0db00000,0x000000ac0dc00000) (1024K)]
  0x000001e0f3054740 JavaThread "Attach Listener"            daemon [_thread_blocked, id=80980, stack(0x000000ac0dc00000,0x000000ac0dd00000) (1024K)]
  0x000001e0f305ca90 JavaThread "Service Thread"             daemon [_thread_blocked, id=62640, stack(0x000000ac0dd00000,0x000000ac0de00000) (1024K)]
  0x000001e0f30623f0 JavaThread "Monitor Deflation Thread"   daemon [_thread_blocked, id=29284, stack(0x000000ac0de00000,0x000000ac0df00000) (1024K)]
  0x000001e0f3073830 JavaThread "C2 CompilerThread0"         daemon [_thread_in_native, id=20848, stack(0x000000ac0df00000,0x000000ac0e000000) (1024K)]
  0x000001e0fc330870 JavaThread "C1 CompilerThread0"         daemon [_thread_in_vm, id=79440, stack(0x000000ac0e000000,0x000000ac0e100000) (1024K)]
  0x000001e0fc512fc0 JavaThread "Common-Cleaner"             daemon [_thread_blocked, id=51568, stack(0x000000ac0e100000,0x000000ac0e200000) (1024K)]
  0x000001e0fc6800c0 JavaThread "Notification Thread"        daemon [_thread_blocked, id=65204, stack(0x000000ac0e300000,0x000000ac0e400000) (1024K)]
  0x000001e0fd1b9560 JavaThread "Active Thread: Equinox Container: 1095fa7e-db0c-476c-be46-015858522469"        [_thread_blocked, id=23632, stack(0x000000ac0eb00000,0x000000ac0ec00000) (1024K)]
  0x000001e0fcfea3c0 JavaThread "Refresh Thread: Equinox Container: 1095fa7e-db0c-476c-be46-015858522469" daemon [_thread_blocked, id=34744, stack(0x000000ac0ed00000,0x000000ac0ee00000) (1024K)]
  0x000001e0fcfe72d0 JavaThread "Framework Event Dispatcher: Equinox Container: 1095fa7e-db0c-476c-be46-015858522469" daemon [_thread_blocked, id=12200, stack(0x000000ac0ee00000,0x000000ac0ef00000) (1024K)]
  0x000001e0fd0919f0 JavaThread "Start Level: Equinox Container: 1095fa7e-db0c-476c-be46-015858522469" daemon [_thread_blocked, id=67548, stack(0x000000ac0ef00000,0x000000ac0f000000) (1024K)]
  0x000001e0fd2affc0 JavaThread "Bundle File Closer"         daemon [_thread_blocked, id=42268, stack(0x000000ac0f000000,0x000000ac0f100000) (1024K)]
  0x000001e0fd31c260 JavaThread "SCR Component Actor"        daemon [_thread_blocked, id=21184, stack(0x000000ac0e200000,0x000000ac0e300000) (1024K)]
  0x000001e0fd42b490 JavaThread "Worker-JM"                         [_thread_blocked, id=70544, stack(0x000000ac0f200000,0x000000ac0f300000) (1024K)]
  0x000001e0fd42d560 JavaThread "JNA Cleaner"                daemon [_thread_blocked, id=73760, stack(0x000000ac0e400000,0x000000ac0e500000) (1024K)]
  0x000001e0fd42e280 JavaThread "Worker-0: Building"                [_thread_blocked, id=15324, stack(0x000000ac0f100000,0x000000ac0f200000) (1024K)]
  0x000001e0fd42bb20 JavaThread "Worker-1: Initialize workspace"        [_thread_blocked, id=25108, stack(0x000000ac0f300000,0x000000ac0f400000) (1024K)]
=>0x000001e0fd491dc0 JavaThread "C2 CompilerThread1"         daemon [_thread_in_native, id=50268, stack(0x000000ac0f400000,0x000000ac0f500000) (1024K)]
  0x000001e0fd42ced0 JavaThread "Java indexing"              daemon [_thread_in_Java, id=47784, stack(0x000000ac0f500000,0x000000ac0f600000) (1024K)]
  0x000001e0fd42dbf0 JavaThread "Worker-2"                          [_thread_blocked, id=33600, stack(0x000000ac0f600000,0x000000ac0f700000) (1024K)]
  0x000001e0fd42ae00 JavaThread "Worker-3"                          [_thread_blocked, id=11672, stack(0x000000ac0f700000,0x000000ac0f800000) (1024K)]
  0x000001e0d45d26b0 JavaThread "Worker-4"                          [_thread_blocked, id=48672, stack(0x000000ac0fa00000,0x000000ac0fb00000) (1024K)]
  0x000001e0d45d61c0 JavaThread "Worker-5"                          [_thread_blocked, id=37248, stack(0x000000ac0fb00000,0x000000ac0fc00000) (1024K)]
  0x000001e0d45d54a0 JavaThread "Thread-1"                   daemon [_thread_in_native, id=33264, stack(0x000000ac0fc00000,0x000000ac0fd00000) (1024K)]
  0x000001e0d45d4780 JavaThread "Thread-2"                   daemon [_thread_in_native, id=52748, stack(0x000000ac0fd00000,0x000000ac0fe00000) (1024K)]
  0x000001e0d45d5b30 JavaThread "Thread-3"                   daemon [_thread_in_native, id=58996, stack(0x000000ac0fe00000,0x000000ac0ff00000) (1024K)]
  0x000001e0d45d4e10 JavaThread "Thread-4"                   daemon [_thread_in_native, id=7444, stack(0x000000ac0ff00000,0x000000ac10000000) (1024K)]
  0x000001e0d45d33d0 JavaThread "Thread-5"                   daemon [_thread_in_native, id=72660, stack(0x000000ac10000000,0x000000ac10100000) (1024K)]
  0x000001e0d45d3a60 JavaThread "Thread-6"                   daemon [_thread_in_native, id=72568, stack(0x000000ac10100000,0x000000ac10200000) (1024K)]
  0x000001e0d45d2d40 JavaThread "Thread-7"                   daemon [_thread_in_native, id=54588, stack(0x000000ac10200000,0x000000ac10300000) (1024K)]
  0x000001e0d45d9cd0 JavaThread "Thread-8"                   daemon [_thread_in_native, id=32016, stack(0x000000ac10300000,0x000000ac10400000) (1024K)]
  0x000001e0d45d8290 JavaThread "Thread-9"                   daemon [_thread_in_native, id=22944, stack(0x000000ac10400000,0x000000ac10500000) (1024K)]
  0x000001e0d45d7570 JavaThread "pool-2-thread-1"                   [_thread_blocked, id=7672, stack(0x000000ac10500000,0x000000ac10600000) (1024K)]
  0x000001e0d45d6ee0 JavaThread "WorkspaceEventsHandler"            [_thread_blocked, id=29476, stack(0x000000ac10600000,0x000000ac10700000) (1024K)]
  0x000001e0d45d8fb0 JavaThread "pool-1-thread-1"                   [_thread_blocked, id=63112, stack(0x000000ac10700000,0x000000ac10800000) (1024K)]
  0x000001e0d45d8920 JavaThread "ForkJoinPool.commonPool-worker-1" daemon [_thread_blocked, id=32028, stack(0x000000ac10800000,0x000000ac10900000) (1024K)]
  0x000001e0d45d9640 JavaThread "ForkJoinPool.commonPool-worker-2" daemon [_thread_in_Java, id=48132, stack(0x000000ac10900000,0x000000ac10a00000) (1024K)]
  0x000001e0ff068bb0 JavaThread "ForkJoinPool.commonPool-worker-3" daemon [_thread_blocked, id=79524, stack(0x000000ac10a00000,0x000000ac10b00000) (1024K)]
  0x000001e0ff066ae0 JavaThread "ForkJoinPool.commonPool-worker-4" daemon [_thread_blocked, id=71788, stack(0x000000ac10b00000,0x000000ac10c00000) (1024K)]
  0x000001e0ff067800 JavaThread "ForkJoinPool.commonPool-worker-5" daemon [_thread_blocked, id=3256, stack(0x000000ac10c00000,0x000000ac10d00000) (1024K)]
  0x000001e0ff069240 JavaThread "ForkJoinPool.commonPool-worker-6" daemon [_thread_blocked, id=78032, stack(0x000000ac10d00000,0x000000ac10e00000) (1024K)]
  0x000001e0ff065dc0 JavaThread "ForkJoinPool.commonPool-worker-7" daemon [_thread_blocked, id=59040, stack(0x000000ac10e00000,0x000000ac10f00000) (1024K)]
  0x000001e0ff066450 JavaThread "PatternSearchJob-worker-2"  daemon [_thread_blocked, id=15908, stack(0x000000ac10f00000,0x000000ac11000000) (1024K)]
  0x000001e0ff067e90 JavaThread "PatternSearchJob-worker-1"  daemon [_thread_blocked, id=28216, stack(0x000000ac11000000,0x000000ac11100000) (1024K)]
  0x000001e0ff0698d0 JavaThread "PatternSearchJob-worker-5"  daemon [_thread_blocked, id=36684, stack(0x000000ac11100000,0x000000ac11200000) (1024K)]
  0x000001e0ff06a5f0 JavaThread "PatternSearchJob-worker-3"  daemon [_thread_blocked, id=40088, stack(0x000000ac11200000,0x000000ac11300000) (1024K)]
  0x000001e0ff068520 JavaThread "PatternSearchJob-worker-4"  daemon [_thread_blocked, id=11888, stack(0x000000ac11300000,0x000000ac11400000) (1024K)]
  0x000001e0ff06b9a0 JavaThread "Compiler Source File Reader" daemon [_thread_blocked, id=10376, stack(0x000000ac11400000,0x000000ac11500000) (1024K)]
  0x000001e0ff06c030 JavaThread "Compiler Source File Reader" daemon [_thread_blocked, id=1760, stack(0x000000ac11500000,0x000000ac11600000) (1024K)]
  0x000001e0de375dc0 JavaThread "Compiler Source File Reader" daemon [_thread_blocked, id=25284, stack(0x000000ac11600000,0x000000ac11700000) (1024K)]
  0x000001e0de375730 JavaThread "Compiler Source File Reader" daemon [_thread_blocked, id=74108, stack(0x000000ac11700000,0x000000ac11800000) (1024K)]
  0x000001e0de376450 JavaThread "Compiler Source File Reader" daemon [_thread_blocked, id=66928, stack(0x000000ac11800000,0x000000ac11900000) (1024K)]
  0x000001e0de377e90 JavaThread "Compiler Source File Reader" daemon [_thread_blocked, id=83340, stack(0x000000ac11900000,0x000000ac11a00000) (1024K)]
  0x000001e0de377170 JavaThread "Compiler Processing Task"   daemon [_thread_in_Java, id=82516, stack(0x000000ac11a00000,0x000000ac11b00000) (1024K)]
  0x000001e0de376ae0 JavaThread "Compiler Class File Writer" daemon [_thread_blocked, id=42860, stack(0x000000ac11b00000,0x000000ac11c00000) (1024K)]
  0x000001e0de377800 JavaThread "Compiler Class File Writer" daemon [_thread_blocked, id=79388, stack(0x000000ac11c00000,0x000000ac11d00000) (1024K)]
  0x000001e0de374a10 JavaThread "Compiler Class File Writer" daemon [_thread_blocked, id=50172, stack(0x000000ac11d00000,0x000000ac11e00000) (1024K)]
  0x000001e0de378520 JavaThread "Compiler Class File Writer" daemon [_thread_in_native, id=23960, stack(0x000000ac11e00000,0x000000ac11f00000) (1024K)]
  0x000001e0de3750a0 JavaThread "Cleaner-0"                  daemon [_thread_blocked, id=3940, stack(0x000000ac11f00000,0x000000ac12000000) (1024K)]
  0x000001e0de37c030 JavaThread "Compiler Class File Writer" daemon [_thread_in_native, id=15944, stack(0x000000ac12000000,0x000000ac12100000) (1024K)]
  0x000001e0de379f60 JavaThread "Compiler Class File Writer" daemon [_thread_blocked, id=77124, stack(0x000000ac12100000,0x000000ac12200000) (1024K)]
Total: 65

Other Threads:
  0x000001e0f319e800 VMThread "VM Thread"                           [id=57960, stack(0x000000ac0d800000,0x000000ac0d900000) (1024K)]
  0x000001e0f3148940 WatcherThread "VM Periodic Task Thread"        [id=38592, stack(0x000000ac0d700000,0x000000ac0d800000) (1024K)]
  0x000001e0f30fd160 WorkerThread "GC Thread#0"                     [id=70832, stack(0x000000ac0d600000,0x000000ac0d700000) (1024K)]
  0x000001e0fc6f65f0 WorkerThread "GC Thread#1"                     [id=15396, stack(0x000000ac0e500000,0x000000ac0e600000) (1024K)]
  0x000001e0fcdf4a80 WorkerThread "GC Thread#2"                     [id=81600, stack(0x000000ac0e600000,0x000000ac0e700000) (1024K)]
  0x000001e0fcc24c50 WorkerThread "GC Thread#3"                     [id=56064, stack(0x000000ac0e700000,0x000000ac0e800000) (1024K)]
  0x000001e0fcc25000 WorkerThread "GC Thread#4"                     [id=53884, stack(0x000000ac0e800000,0x000000ac0e900000) (1024K)]
  0x000001e0fcc253b0 WorkerThread "GC Thread#5"                     [id=8348, stack(0x000000ac0e900000,0x000000ac0ea00000) (1024K)]
  0x000001e0fd0e6150 WorkerThread "GC Thread#6"                     [id=16648, stack(0x000000ac0ea00000,0x000000ac0eb00000) (1024K)]
  0x000001e0fcbe5350 WorkerThread "GC Thread#7"                     [id=61844, stack(0x000000ac0ec00000,0x000000ac0ed00000) (1024K)]
Total: 10

Threads with active compile tasks:
C2 CompilerThread0  18559 7871       4       org.eclipse.jdt.internal.compiler.parser.Scanner::internalScanIdentifierOrKeyword (5041 bytes)
C2 CompilerThread1  18559 7855       4       org.eclipse.jdt.internal.compiler.parser.Parser::consumeRule (7843 bytes)
Total: 2

VM state: not at safepoint (normal execution)

VM Mutex/Monitor currently owned by a thread: None

Heap address: 0x0000000080000000, size: 2048 MB, Compressed Oops mode: 32-bit

CDS archive(s) mapped at: [0x000001e08f000000-0x000001e08fba0000-0x000001e08fba0000), size 12189696, SharedBaseAddress: 0x000001e08f000000, ArchiveRelocationMode: 1.
Compressed class space mapped at: 0x000001e090000000-0x000001e0d0000000, reserved size: 1073741824
Narrow klass base: 0x000001e08f000000, Narrow klass shift: 0, Narrow klass range: 0x100000000

GC Precious Log:
 CardTable entry size: 512
 CPUs: 8 total, 8 available
 Memory: 7959M
 Large Page Support: Disabled
 NUMA Support: Disabled
 Compressed Oops: Enabled (32-bit)
 Alignments: Space 512K, Generation 512K, Heap 2M
 Heap Min Capacity: 100M
 Heap Initial Capacity: 100M
 Heap Max Capacity: 2G
 Pre-touch: Disabled
 Parallel Workers: 8

Heap:
 PSYoungGen      total 22016K, used 12190K [0x00000000d5580000, 0x00000000d7600000, 0x0000000100000000)
  eden space 17920K, 45% used [0x00000000d5580000,0x00000000d5d69650,0x00000000d6700000)
  from space 4096K, 99% used [0x00000000d6700000,0x00000000d6afe2d0,0x00000000d6b00000)
  to   space 7680K, 0% used [0x00000000d6e80000,0x00000000d6e80000,0x00000000d7600000)
 ParOldGen       total 75776K, used 75405K [0x0000000080000000, 0x0000000084a00000, 0x00000000d5580000)
  object space 75776K, 99% used [0x0000000080000000,0x00000000849a35a8,0x0000000084a00000)
 Metaspace       used 68228K, committed 69888K, reserved 1114112K
  class space    used 7314K, committed 8000K, reserved 1048576K

Card table byte_map: [0x000001e0f2a80000,0x000001e0f2e90000] _byte_map_base: 0x000001e0f2680000

Marking Bits: (ParMarkBitMap*) 0x00007ffe2ab84460
 Begin Bits: [0x000001e0f6590000, 0x000001e0f8590000)
 End Bits:   [0x000001e0f8590000, 0x000001e0fa590000)

Polling page: 0x000001e0f0f50000

Metaspace:

Usage:
  Non-class:     59.49 MB used.
      Class:      7.14 MB used.
       Both:     66.63 MB used.

Virtual space:
  Non-class space:       64.00 MB reserved,      60.44 MB ( 94%) committed,  1 nodes.
      Class space:        1.00 GB reserved,       7.81 MB ( <1%) committed,  1 nodes.
             Both:        1.06 GB reserved,      68.25 MB (  6%) committed. 

Chunk freelists:
   Non-Class:  3.22 MB
       Class:  8.02 MB
        Both:  11.23 MB

MaxMetaspaceSize: unlimited
CompressedClassSpaceSize: 1.00 GB
Initial GC threshold: 21.00 MB
Current GC threshold: 97.31 MB
CDS: on
 - commit_granule_bytes: 65536.
 - commit_granule_words: 8192.
 - virtual_space_node_default_size: 8388608.
 - enlarge_chunks_in_place: 1.
 - use_allocation_guard: 0.


Internal statistics:

num_allocs_failed_limit: 9.
num_arena_births: 1162.
num_arena_deaths: 54.
num_vsnodes_births: 2.
num_vsnodes_deaths: 0.
num_space_committed: 1092.
num_space_uncommitted: 0.
num_chunks_returned_to_freelist: 79.
num_chunks_taken_from_freelist: 4515.
num_chunk_merges: 28.
num_chunk_splits: 2726.
num_chunks_enlarged: 1504.
num_inconsistent_stats: 0.

CodeHeap 'non-profiled nmethods': size=120000Kb used=4448Kb max_used=4448Kb free=115551Kb
 bounds [0x000001e087ad0000, 0x000001e087f30000, 0x000001e08f000000]
CodeHeap 'profiled nmethods': size=120000Kb used=21466Kb max_used=21466Kb free=98533Kb
 bounds [0x000001e080000000, 0x000001e081500000, 0x000001e087530000]
CodeHeap 'non-nmethods': size=5760Kb used=1467Kb max_used=1515Kb free=4293Kb
 bounds [0x000001e087530000, 0x000001e0877a0000, 0x000001e087ad0000]
CodeCache: size=245760Kb, used=27381Kb, max_used=27429Kb, free=218377Kb
 total_blobs=10177, nmethods=9401, adapters=680, full_count=0
Compilation: enabled, stopped_count=0, restarted_count=0

Compilation events (20 events):
Event: 17.398 Thread 0x000001e0fc330870 nmethod 10171 0x000001e08148b190 code [0x000001e08148b3a0, 0x000001e08148b960]
Event: 17.398 Thread 0x000001e0fc330870 10172       2       org.eclipse.jdt.internal.compiler.lookup.WildcardBinding::kind (17 bytes)
Event: 17.398 Thread 0x000001e0fc330870 nmethod 10172 0x000001e08148bb90 code [0x000001e08148bd20, 0x000001e08148be38]
Event: 17.398 Thread 0x000001e0fc330870 10168       2       org.eclipse.jdt.internal.core.builder.ClasspathJrt::findClass (25 bytes)
Event: 17.398 Thread 0x000001e0fc330870 nmethod 10168 0x000001e08148bf10 code [0x000001e08148c0c0, 0x000001e08148c2b8]
Event: 17.398 Thread 0x000001e0fc330870 10169   !   2       org.eclipse.jdt.internal.core.builder.ClasspathJrt::findClass (79 bytes)
Event: 17.399 Thread 0x000001e0fc330870 nmethod 10169 0x000001e08148c410 code [0x000001e08148c640, 0x000001e08148ca38]
Event: 17.399 Thread 0x000001e0fc330870 10166       2       org.eclipse.jdt.internal.compiler.lookup.TypeSystem::getWildcard (12 bytes)
Event: 17.399 Thread 0x000001e0fc330870 nmethod 10166 0x000001e08148ce10 code [0x000001e08148cfc0, 0x000001e08148d0f0]
Event: 17.399 Thread 0x000001e0fc330870 10170       2       org.eclipse.jdt.internal.core.builder.ClasspathJrt::isPackage (16 bytes)
Event: 17.400 Thread 0x000001e0fc330870 nmethod 10170 0x000001e08148d190 code [0x000001e08148d340, 0x000001e08148d4d0]
Event: 17.400 Thread 0x000001e0fc330870 10162       2       org.eclipse.jdt.internal.core.CompilationUnit::calculateHashCode (15 bytes)
Event: 17.400 Thread 0x000001e0fc330870 nmethod 10162 0x000001e08148d610 code [0x000001e08148d7e0, 0x000001e08148da08]
Event: 17.400 Thread 0x000001e0fc330870 10163       2       org.eclipse.jdt.core.dom.Modifier::isFinal (11 bytes)
Event: 17.400 Thread 0x000001e0fc330870 nmethod 10163 0x000001e08148dc10 code [0x000001e08148dda0, 0x000001e08148dec0]
Event: 17.406 Thread 0x000001e0fc330870 10173       2       lombok.eclipse.agent.PatchVal::couldBe (306 bytes)
Event: 17.408 Thread 0x000001e0fc330870 nmethod 10173 0x000001e08148df90 code [0x000001e08148e1e0, 0x000001e08148eb10]
Event: 17.408 Thread 0x000001e0fc330870 10175       2       org.eclipse.jdt.internal.compiler.ast.AbstractVariableDeclaration::isUnnamed (47 bytes)
Event: 17.408 Thread 0x000001e0fc330870 nmethod 10175 0x000001e08148f190 code [0x000001e08148f340, 0x000001e08148f530]
Event: 17.408 Thread 0x000001e0fc330870 10177       2       java.util.HashMap::computeIfAbsent (330 bytes)

GC Heap History (20 events):
Event: 15.523 GC heap before
{Heap before GC invocations=40 (full 3):
 PSYoungGen      total 20992K, used 20582K [0x00000000d5580000, 0x00000000d6d80000, 0x0000000100000000)
  eden space 17920K, 100% used [0x00000000d5580000,0x00000000d6700000,0x00000000d6700000)
  from space 3072K, 86% used [0x00000000d6a80000,0x00000000d6d19a68,0x00000000d6d80000)
  to   space 3072K, 0% used [0x00000000d6780000,0x00000000d6780000,0x00000000d6a80000)
 ParOldGen       total 68608K, used 48198K [0x0000000080000000, 0x0000000084300000, 0x00000000d5580000)
  object space 68608K, 70% used [0x0000000080000000,0x0000000082f11ab0,0x0000000084300000)
 Metaspace       used 60658K, committed 62080K, reserved 1114112K
  class space    used 6578K, committed 7168K, reserved 1048576K
}
Event: 15.529 GC heap after
{Heap after GC invocations=40 (full 3):
 PSYoungGen      total 20992K, used 3056K [0x00000000d5580000, 0x00000000d7500000, 0x0000000100000000)
  eden space 17920K, 0% used [0x00000000d5580000,0x00000000d5580000,0x00000000d6700000)
  from space 3072K, 99% used [0x00000000d6780000,0x00000000d6a7c010,0x00000000d6a80000)
  to   space 7168K, 0% used [0x00000000d6e00000,0x00000000d6e00000,0x00000000d7500000)
 ParOldGen       total 68608K, used 51215K [0x0000000080000000, 0x0000000084300000, 0x00000000d5580000)
  object space 68608K, 74% used [0x0000000080000000,0x0000000083203ed0,0x0000000084300000)
 Metaspace       used 60658K, committed 62080K, reserved 1114112K
  class space    used 6578K, committed 7168K, reserved 1048576K
}
Event: 15.662 GC heap before
{Heap before GC invocations=41 (full 3):
 PSYoungGen      total 20992K, used 20976K [0x00000000d5580000, 0x00000000d7500000, 0x0000000100000000)
  eden space 17920K, 100% used [0x00000000d5580000,0x00000000d6700000,0x00000000d6700000)
  from space 3072K, 99% used [0x00000000d6780000,0x00000000d6a7c010,0x00000000d6a80000)
  to   space 7168K, 0% used [0x00000000d6e00000,0x00000000d6e00000,0x00000000d7500000)
 ParOldGen       total 68608K, used 51215K [0x0000000080000000, 0x0000000084300000, 0x00000000d5580000)
  object space 68608K, 74% used [0x0000000080000000,0x0000000083203ed0,0x0000000084300000)
 Metaspace       used 61142K, committed 62720K, reserved 1114112K
  class space    used 6620K, committed 7296K, reserved 1048576K
}
Event: 15.668 GC heap after
{Heap after GC invocations=41 (full 3):
 PSYoungGen      total 21504K, used 3264K [0x00000000d5580000, 0x00000000d7180000, 0x0000000100000000)
  eden space 17920K, 0% used [0x00000000d5580000,0x00000000d5580000,0x00000000d6700000)
  from space 3584K, 91% used [0x00000000d6e00000,0x00000000d7130300,0x00000000d7180000)
  to   space 4608K, 0% used [0x00000000d6880000,0x00000000d6880000,0x00000000d6d00000)
 ParOldGen       total 68608K, used 52758K [0x0000000080000000, 0x0000000084300000, 0x00000000d5580000)
  object space 68608K, 76% used [0x0000000080000000,0x0000000083385b58,0x0000000084300000)
 Metaspace       used 61142K, committed 62720K, reserved 1114112K
  class space    used 6620K, committed 7296K, reserved 1048576K
}
Event: 15.801 GC heap before
{Heap before GC invocations=42 (full 3):
 PSYoungGen      total 21504K, used 21184K [0x00000000d5580000, 0x00000000d7180000, 0x0000000100000000)
  eden space 17920K, 100% used [0x00000000d5580000,0x00000000d6700000,0x00000000d6700000)
  from space 3584K, 91% used [0x00000000d6e00000,0x00000000d7130300,0x00000000d7180000)
  to   space 4608K, 0% used [0x00000000d6880000,0x00000000d6880000,0x00000000d6d00000)
 ParOldGen       total 68608K, used 52758K [0x0000000080000000, 0x0000000084300000, 0x00000000d5580000)
  object space 68608K, 76% used [0x0000000080000000,0x0000000083385b58,0x0000000084300000)
 Metaspace       used 61833K, committed 63360K, reserved 1114112K
  class space    used 6704K, committed 7360K, reserved 1048576K
}
Event: 15.810 GC heap after
{Heap after GC invocations=42 (full 3):
 PSYoungGen      total 22528K, used 4595K [0x00000000d5580000, 0x00000000d7c00000, 0x0000000100000000)
  eden space 17920K, 0% used [0x00000000d5580000,0x00000000d5580000,0x00000000d6700000)
  from space 4608K, 99% used [0x00000000d6880000,0x00000000d6cfccd8,0x00000000d6d00000)
  to   space 10752K, 0% used [0x00000000d7180000,0x00000000d7180000,0x00000000d7c00000)
 ParOldGen       total 68608K, used 57533K [0x0000000080000000, 0x0000000084300000, 0x00000000d5580000)
  object space 68608K, 83% used [0x0000000080000000,0x000000008382f490,0x0000000084300000)
 Metaspace       used 61833K, committed 63360K, reserved 1114112K
  class space    used 6704K, committed 7360K, reserved 1048576K
}
Event: 16.086 GC heap before
{Heap before GC invocations=43 (full 3):
 PSYoungGen      total 22528K, used 21748K [0x00000000d5580000, 0x00000000d7c00000, 0x0000000100000000)
  eden space 17920K, 95% used [0x00000000d5580000,0x00000000d66406b8,0x00000000d6700000)
  from space 4608K, 99% used [0x00000000d6880000,0x00000000d6cfccd8,0x00000000d6d00000)
  to   space 10752K, 0% used [0x00000000d7180000,0x00000000d7180000,0x00000000d7c00000)
 ParOldGen       total 68608K, used 57533K [0x0000000080000000, 0x0000000084300000, 0x00000000d5580000)
  object space 68608K, 83% used [0x0000000080000000,0x000000008382f490,0x0000000084300000)
 Metaspace       used 63658K, committed 65216K, reserved 1114112K
  class space    used 6932K, committed 7616K, reserved 1048576K
}
Event: 16.096 GC heap after
{Heap after GC invocations=43 (full 3):
 PSYoungGen      total 24064K, used 6138K [0x00000000d5580000, 0x00000000d7780000, 0x0000000100000000)
  eden space 17920K, 0% used [0x00000000d5580000,0x00000000d5580000,0x00000000d6700000)
  from space 6144K, 99% used [0x00000000d7180000,0x00000000d777e808,0x00000000d7780000)
  to   space 7680K, 0% used [0x00000000d6880000,0x00000000d6880000,0x00000000d7000000)
 ParOldGen       total 68608K, used 60997K [0x0000000080000000, 0x0000000084300000, 0x00000000d5580000)
  object space 68608K, 88% used [0x0000000080000000,0x0000000083b917e0,0x0000000084300000)
 Metaspace       used 63658K, committed 65216K, reserved 1114112K
  class space    used 6932K, committed 7616K, reserved 1048576K
}
Event: 16.278 GC heap before
{Heap before GC invocations=44 (full 3):
 PSYoungGen      total 24064K, used 24057K [0x00000000d5580000, 0x00000000d7780000, 0x0000000100000000)
  eden space 17920K, 99% used [0x00000000d5580000,0x00000000d66fffc8,0x00000000d6700000)
  from space 6144K, 99% used [0x00000000d7180000,0x00000000d777e808,0x00000000d7780000)
  to   space 7680K, 0% used [0x00000000d6880000,0x00000000d6880000,0x00000000d7000000)
 ParOldGen       total 68608K, used 60997K [0x0000000080000000, 0x0000000084300000, 0x00000000d5580000)
  object space 68608K, 88% used [0x0000000080000000,0x0000000083b917e0,0x0000000084300000)
 Metaspace       used 64121K, committed 65664K, reserved 1114112K
  class space    used 6992K, committed 7680K, reserved 1048576K
}
Event: 16.284 GC heap after
{Heap after GC invocations=44 (full 3):
 PSYoungGen      total 20480K, used 2086K [0x00000000d5580000, 0x00000000d7200000, 0x0000000100000000)
  eden space 17920K, 0% used [0x00000000d5580000,0x00000000d5580000,0x00000000d6700000)
  from space 2560K, 81% used [0x00000000d6880000,0x00000000d6a898a0,0x00000000d6b00000)
  to   space 4096K, 0% used [0x00000000d6e00000,0x00000000d6e00000,0x00000000d7200000)
 ParOldGen       total 68608K, used 66964K [0x0000000080000000, 0x0000000084300000, 0x00000000d5580000)
  object space 68608K, 97% used [0x0000000080000000,0x0000000084165258,0x0000000084300000)
 Metaspace       used 64121K, committed 65664K, reserved 1114112K
  class space    used 6992K, committed 7680K, reserved 1048576K
}
Event: 16.374 GC heap before
{Heap before GC invocations=45 (full 3):
 PSYoungGen      total 20480K, used 20006K [0x00000000d5580000, 0x00000000d7200000, 0x0000000100000000)
  eden space 17920K, 100% used [0x00000000d5580000,0x00000000d6700000,0x00000000d6700000)
  from space 2560K, 81% used [0x00000000d6880000,0x00000000d6a898a0,0x00000000d6b00000)
  to   space 4096K, 0% used [0x00000000d6e00000,0x00000000d6e00000,0x00000000d7200000)
 ParOldGen       total 68608K, used 66964K [0x0000000080000000, 0x0000000084300000, 0x00000000d5580000)
  object space 68608K, 97% used [0x0000000080000000,0x0000000084165258,0x0000000084300000)
 Metaspace       used 64449K, committed 66048K, reserved 1114112K
  class space    used 7037K, committed 7680K, reserved 1048576K
}
Event: 16.378 GC heap after
{Heap after GC invocations=45 (full 3):
 PSYoungGen      total 22016K, used 4039K [0x00000000d5580000, 0x00000000d7200000, 0x0000000100000000)
  eden space 17920K, 0% used [0x00000000d5580000,0x00000000d5580000,0x00000000d6700000)
  from space 4096K, 98% used [0x00000000d6e00000,0x00000000d71f1f50,0x00000000d7200000)
  to   space 4608K, 0% used [0x00000000d6900000,0x00000000d6900000,0x00000000d6d80000)
 ParOldGen       total 69120K, used 68770K [0x0000000080000000, 0x0000000084380000, 0x00000000d5580000)
  object space 69120K, 99% used [0x0000000080000000,0x0000000084328bf0,0x0000000084380000)
 Metaspace       used 64449K, committed 66048K, reserved 1114112K
  class space    used 7037K, committed 7680K, reserved 1048576K
}
Event: 16.473 GC heap before
{Heap before GC invocations=46 (full 3):
 PSYoungGen      total 22016K, used 21959K [0x00000000d5580000, 0x00000000d7200000, 0x0000000100000000)
  eden space 17920K, 100% used [0x00000000d5580000,0x00000000d6700000,0x00000000d6700000)
  from space 4096K, 98% used [0x00000000d6e00000,0x00000000d71f1f50,0x00000000d7200000)
  to   space 4608K, 0% used [0x00000000d6900000,0x00000000d6900000,0x00000000d6d80000)
 ParOldGen       total 69120K, used 68770K [0x0000000080000000, 0x0000000084380000, 0x00000000d5580000)
  object space 69120K, 99% used [0x0000000080000000,0x0000000084328bf0,0x0000000084380000)
 Metaspace       used 64803K, committed 66432K, reserved 1114112K
  class space    used 7064K, committed 7744K, reserved 1048576K
}
Event: 16.476 GC heap after
{Heap after GC invocations=46 (full 3):
 PSYoungGen      total 22528K, used 4201K [0x00000000d5580000, 0x00000000d7000000, 0x0000000100000000)
  eden space 17920K, 0% used [0x00000000d5580000,0x00000000d5580000,0x00000000d6700000)
  from space 4608K, 91% used [0x00000000d6900000,0x00000000d6d1a6c0,0x00000000d6d80000)
  to   space 2560K, 0% used [0x00000000d6d80000,0x00000000d6d80000,0x00000000d7000000)
 ParOldGen       total 70144K, used 69937K [0x0000000080000000, 0x0000000084480000, 0x00000000d5580000)
  object space 70144K, 99% used [0x0000000080000000,0x000000008444c570,0x0000000084480000)
 Metaspace       used 64803K, committed 66432K, reserved 1114112K
  class space    used 7064K, committed 7744K, reserved 1048576K
}
Event: 16.668 GC heap before
{Heap before GC invocations=47 (full 3):
 PSYoungGen      total 22528K, used 21610K [0x00000000d5580000, 0x00000000d7000000, 0x0000000100000000)
  eden space 17920K, 97% used [0x00000000d5580000,0x00000000d6680430,0x00000000d6700000)
  from space 4608K, 91% used [0x00000000d6900000,0x00000000d6d1a6c0,0x00000000d6d80000)
  to   space 2560K, 0% used [0x00000000d6d80000,0x00000000d6d80000,0x00000000d7000000)
 ParOldGen       total 70144K, used 69937K [0x0000000080000000, 0x0000000084480000, 0x00000000d5580000)
  object space 70144K, 99% used [0x0000000080000000,0x000000008444c570,0x0000000084480000)
 Metaspace       used 64903K, committed 66560K, reserved 1114112K
  class space    used 7066K, committed 7744K, reserved 1048576K
}
Event: 16.673 GC heap after
{Heap after GC invocations=47 (full 3):
 PSYoungGen      total 19968K, used 1967K [0x00000000d5580000, 0x00000000d6f80000, 0x0000000100000000)
  eden space 17920K, 0% used [0x00000000d5580000,0x00000000d5580000,0x00000000d6700000)
  from space 2048K, 96% used [0x00000000d6d80000,0x00000000d6f6bf38,0x00000000d6f80000)
  to   space 3072K, 0% used [0x00000000d6980000,0x00000000d6980000,0x00000000d6c80000)
 ParOldGen       total 71168K, used 70672K [0x0000000080000000, 0x0000000084580000, 0x00000000d5580000)
  object space 71168K, 99% used [0x0000000080000000,0x00000000845040c8,0x0000000084580000)
 Metaspace       used 64903K, committed 66560K, reserved 1114112K
  class space    used 7066K, committed 7744K, reserved 1048576K
}
Event: 16.935 GC heap before
{Heap before GC invocations=48 (full 3):
 PSYoungGen      total 19968K, used 19887K [0x00000000d5580000, 0x00000000d6f80000, 0x0000000100000000)
  eden space 17920K, 100% used [0x00000000d5580000,0x00000000d6700000,0x00000000d6700000)
  from space 2048K, 96% used [0x00000000d6d80000,0x00000000d6f6bf38,0x00000000d6f80000)
  to   space 3072K, 0% used [0x00000000d6980000,0x00000000d6980000,0x00000000d6c80000)
 ParOldGen       total 71168K, used 70672K [0x0000000080000000, 0x0000000084580000, 0x00000000d5580000)
  object space 71168K, 99% used [0x0000000080000000,0x00000000845040c8,0x0000000084580000)
 Metaspace       used 65896K, committed 67520K, reserved 1114112K
  class space    used 7147K, committed 7808K, reserved 1048576K
}
Event: 16.938 GC heap after
{Heap after GC invocations=48 (full 3):
 PSYoungGen      total 19968K, used 1957K [0x00000000d5580000, 0x00000000d6e00000, 0x0000000100000000)
  eden space 17920K, 0% used [0x00000000d5580000,0x00000000d5580000,0x00000000d6700000)
  from space 2048K, 95% used [0x00000000d6980000,0x00000000d6b69608,0x00000000d6b80000)
  to   space 2560K, 0% used [0x00000000d6b80000,0x00000000d6b80000,0x00000000d6e00000)
 ParOldGen       total 72192K, used 71860K [0x0000000080000000, 0x0000000084680000, 0x00000000d5580000)
  object space 72192K, 99% used [0x0000000080000000,0x000000008462d298,0x0000000084680000)
 Metaspace       used 65896K, committed 67520K, reserved 1114112K
  class space    used 7147K, committed 7808K, reserved 1048576K
}
Event: 17.242 GC heap before
{Heap before GC invocations=49 (full 3):
 PSYoungGen      total 19968K, used 19877K [0x00000000d5580000, 0x00000000d6e00000, 0x0000000100000000)
  eden space 17920K, 100% used [0x00000000d5580000,0x00000000d6700000,0x00000000d6700000)
  from space 2048K, 95% used [0x00000000d6980000,0x00000000d6b69608,0x00000000d6b80000)
  to   space 2560K, 0% used [0x00000000d6b80000,0x00000000d6b80000,0x00000000d6e00000)
 ParOldGen       total 72192K, used 71860K [0x0000000080000000, 0x0000000084680000, 0x00000000d5580000)
  object space 72192K, 99% used [0x0000000080000000,0x000000008462d298,0x0000000084680000)
 Metaspace       used 66999K, committed 68672K, reserved 1114112K
  class space    used 7211K, committed 7936K, reserved 1048576K
}
Event: 17.246 GC heap after
{Heap after GC invocations=49 (full 3):
 PSYoungGen      total 20480K, used 2555K [0x00000000d5580000, 0x00000000d6f00000, 0x0000000100000000)
  eden space 17920K, 0% used [0x00000000d5580000,0x00000000d5580000,0x00000000d6700000)
  from space 2560K, 99% used [0x00000000d6b80000,0x00000000d6dfefd8,0x00000000d6e00000)
  to   space 4096K, 0% used [0x00000000d6700000,0x00000000d6700000,0x00000000d6b00000)
 ParOldGen       total 73216K, used 72855K [0x0000000080000000, 0x0000000084780000, 0x00000000d5580000)
  object space 73216K, 99% used [0x0000000080000000,0x0000000084725c10,0x0000000084780000)
 Metaspace       used 66999K, committed 68672K, reserved 1114112K
  class space    used 7211K, committed 7936K, reserved 1048576K
}

Dll operation events (10 events):
Event: 0.021 Loaded shared library c:\Users\padma\.vscode\extensions\redhat.java-1.55.0-win32-x64\jre\21.0.11-win32-x86_64\bin\java.dll
Event: 0.176 Loaded shared library c:\Users\padma\.vscode\extensions\redhat.java-1.55.0-win32-x64\jre\21.0.11-win32-x86_64\bin\zip.dll
Event: 0.225 Loaded shared library C:\Users\padma\.vscode\extensions\redhat.java-1.55.0-win32-x64\jre\21.0.11-win32-x86_64\bin\instrument.dll
Event: 0.233 Loaded shared library C:\Users\padma\.vscode\extensions\redhat.java-1.55.0-win32-x64\jre\21.0.11-win32-x86_64\bin\net.dll
Event: 0.236 Loaded shared library C:\Users\padma\.vscode\extensions\redhat.java-1.55.0-win32-x64\jre\21.0.11-win32-x86_64\bin\nio.dll
Event: 0.248 Loaded shared library C:\Users\padma\.vscode\extensions\redhat.java-1.55.0-win32-x64\jre\21.0.11-win32-x86_64\bin\zip.dll
Event: 0.284 Loaded shared library C:\Users\padma\.vscode\extensions\redhat.java-1.55.0-win32-x64\jre\21.0.11-win32-x86_64\bin\jimage.dll
Event: 0.469 Loaded shared library c:\Users\padma\.vscode\extensions\redhat.java-1.55.0-win32-x64\jre\21.0.11-win32-x86_64\bin\verify.dll
Event: 2.163 Loaded shared library C:\Users\padma\AppData\Roaming\Code\User\globalStorage\redhat.java\1.55.0\config_win\org.eclipse.equinox.launcher\org.eclipse.equinox.launcher.win32.win32.x86_64_1.3.100.v20260613-0559\eclipse_11924.dll
Event: 6.437 Loaded shared library C:\Users\padma\AppData\Local\Temp\jna-106423655\jna12404407235599362475.dll

Deoptimization events (20 events):
Event: 17.027 Thread 0x000001e0de377170 DEOPT PACKING pc=0x000001e08110223b sp=0x000000ac11afd970
Event: 17.027 Thread 0x000001e0de377170 DEOPT UNPACKING pc=0x000001e0875878e2 sp=0x000000ac11afcea8 mode 0
Event: 17.201 Thread 0x000001e0de377170 Uncommon trap: trap_request=0xffffffc6 fr.pc=0x000001e087ef0990 relative=0x0000000000000670
Event: 17.201 Thread 0x000001e0de377170 Uncommon trap: reason=bimorphic_or_optimized_type_check action=maybe_recompile pc=0x000001e087ef0990 method=org.eclipse.jdt.internal.compiler.parser.Scanner.getNextToken0()Lorg/eclipse/jdt/internal/compiler/parser/TerminalToken; @ 2888 c2
Event: 17.201 Thread 0x000001e0de377170 DEOPT PACKING pc=0x000001e087ef0990 sp=0x000000ac11afea40
Event: 17.201 Thread 0x000001e0de377170 DEOPT UNPACKING pc=0x000001e087586da2 sp=0x000000ac11afe990 mode 2
Event: 17.201 Thread 0x000001e0de377170 Uncommon trap: trap_request=0xffffffc6 fr.pc=0x000001e087ef0990 relative=0x0000000000000670
Event: 17.201 Thread 0x000001e0de377170 Uncommon trap: reason=bimorphic_or_optimized_type_check action=maybe_recompile pc=0x000001e087ef0990 method=org.eclipse.jdt.internal.compiler.parser.Scanner.getNextToken0()Lorg/eclipse/jdt/internal/compiler/parser/TerminalToken; @ 2888 c2
Event: 17.201 Thread 0x000001e0de377170 DEOPT PACKING pc=0x000001e087ef0990 sp=0x000000ac11afea40
Event: 17.201 Thread 0x000001e0de377170 DEOPT UNPACKING pc=0x000001e087586da2 sp=0x000000ac11afe990 mode 2
Event: 17.334 Thread 0x000001e0de377170 Uncommon trap: trap_request=0xffffffc6 fr.pc=0x000001e087ef0990 relative=0x0000000000000670
Event: 17.334 Thread 0x000001e0de377170 Uncommon trap: reason=bimorphic_or_optimized_type_check action=maybe_recompile pc=0x000001e087ef0990 method=org.eclipse.jdt.internal.compiler.parser.Scanner.getNextToken0()Lorg/eclipse/jdt/internal/compiler/parser/TerminalToken; @ 2888 c2
Event: 17.334 Thread 0x000001e0de377170 DEOPT PACKING pc=0x000001e087ef0990 sp=0x000000ac11afea40
Event: 17.334 Thread 0x000001e0de377170 DEOPT UNPACKING pc=0x000001e087586da2 sp=0x000000ac11afe990 mode 2
Event: 17.334 Thread 0x000001e0de377170 Uncommon trap: trap_request=0xffffffc6 fr.pc=0x000001e087ef0990 relative=0x0000000000000670
Event: 17.334 Thread 0x000001e0de377170 Uncommon trap: reason=bimorphic_or_optimized_type_check action=maybe_recompile pc=0x000001e087ef0990 method=org.eclipse.jdt.internal.compiler.parser.Scanner.getNextToken0()Lorg/eclipse/jdt/internal/compiler/parser/TerminalToken; @ 2888 c2
Event: 17.334 Thread 0x000001e0de377170 DEOPT PACKING pc=0x000001e087ef0990 sp=0x000000ac11afea40
Event: 17.334 Thread 0x000001e0de377170 DEOPT UNPACKING pc=0x000001e087586da2 sp=0x000000ac11afe990 mode 2
Event: 17.384 Thread 0x000001e0de377170 DEOPT PACKING pc=0x000001e081133ff8 sp=0x000000ac11afd800
Event: 17.384 Thread 0x000001e0de377170 DEOPT UNPACKING pc=0x000001e0875878e2 sp=0x000000ac11afcce8 mode 0

Classes loaded (20 events):
Event: 15.449 Loading class java/util/AbstractList$SubList
Event: 15.451 Loading class java/util/AbstractList$SubList done
Event: 15.451 Loading class java/util/AbstractList$SubList$1
Event: 15.452 Loading class java/util/AbstractList$SubList$1 done
Event: 15.678 Loading class java/util/function/IntPredicate
Event: 15.679 Loading class java/util/function/IntPredicate done
Event: 15.712 Loading class java/util/regex/Pattern$Bound
Event: 15.712 Loading class java/util/regex/Pattern$Bound done
Event: 16.322 Loading class java/util/Hashtable$KeySet
Event: 16.323 Loading class java/util/Hashtable$KeySet done
Event: 16.910 Loading class java/nio/file/Files$2
Event: 16.910 Loading class java/nio/file/Files$2 done
Event: 16.994 Loading class java/util/concurrent/ArrayBlockingQueue
Event: 16.994 Loading class java/util/concurrent/ArrayBlockingQueue done
Event: 17.157 Loading class java/util/concurrent/ConcurrentHashMap$KeySpliterator
Event: 17.158 Loading class java/util/concurrent/ConcurrentHashMap$KeySpliterator done
Event: 17.183 Loading class sun/nio/ch/ChannelOutputStream
Event: 17.183 Loading class sun/nio/ch/ChannelOutputStream done
Event: 17.200 Loading class jdk/internal/ref/CleanerImpl$InnocuousThreadFactory
Event: 17.200 Loading class jdk/internal/ref/CleanerImpl$InnocuousThreadFactory done

Classes unloaded (20 events):
Event: 9.618 Thread 0x000001e0f319e800 Unloading class 0x000001e09031f800 'java/lang/invoke/LambdaForm$MH+0x000001e09031f800'
Event: 9.618 Thread 0x000001e0f319e800 Unloading class 0x000001e09031ec00 'java/lang/invoke/LambdaForm$MH+0x000001e09031ec00'
Event: 9.618 Thread 0x000001e0f319e800 Unloading class 0x000001e09031e400 'java/lang/invoke/LambdaForm$MH+0x000001e09031e400'
Event: 9.618 Thread 0x000001e0f319e800 Unloading class 0x000001e09031dc00 'java/lang/invoke/LambdaForm$MH+0x000001e09031dc00'
Event: 9.618 Thread 0x000001e0f319e800 Unloading class 0x000001e09031d800 'java/lang/invoke/LambdaForm$DMH+0x000001e09031d800'
Event: 9.618 Thread 0x000001e0f319e800 Unloading class 0x000001e09031cc00 'java/lang/invoke/LambdaForm$MH+0x000001e09031cc00'
Event: 15.016 Thread 0x000001e0f319e800 Unloading class 0x000001e0906ae000 'java/lang/invoke/LambdaForm$MH+0x000001e0906ae000'
Event: 15.016 Thread 0x000001e0f319e800 Unloading class 0x000001e0906adc00 'java/lang/invoke/LambdaForm$MH+0x000001e0906adc00'
Event: 15.016 Thread 0x000001e0f319e800 Unloading class 0x000001e0906ad400 'java/lang/invoke/LambdaForm$MH+0x000001e0906ad400'
Event: 15.016 Thread 0x000001e0f319e800 Unloading class 0x000001e0906ad800 'java/lang/invoke/LambdaForm$MH+0x000001e0906ad800'
Event: 15.016 Thread 0x000001e0f319e800 Unloading class 0x000001e0906ac800 'java/lang/invoke/LambdaForm$MH+0x000001e0906ac800'
Event: 15.016 Thread 0x000001e0f319e800 Unloading class 0x000001e0906ac000 'java/lang/invoke/LambdaForm$MH+0x000001e0906ac000'
Event: 15.016 Thread 0x000001e0f319e800 Unloading class 0x000001e0906ad000 'java/lang/invoke/LambdaForm$MH+0x000001e0906ad000'
Event: 15.016 Thread 0x000001e0f319e800 Unloading class 0x000001e0906ac400 'java/lang/invoke/LambdaForm$MH+0x000001e0906ac400'
Event: 15.016 Thread 0x000001e0f319e800 Unloading class 0x000001e090699000 'java/lang/invoke/LambdaForm$DMH+0x000001e090699000'
Event: 15.016 Thread 0x000001e0f319e800 Unloading class 0x000001e090698c00 'java/lang/invoke/LambdaForm$DMH+0x000001e090698c00'
Event: 15.016 Thread 0x000001e0f319e800 Unloading class 0x000001e090698000 'java/lang/invoke/LambdaForm$DMH+0x000001e090698000'
Event: 15.016 Thread 0x000001e0f319e800 Unloading class 0x000001e090698400 'java/lang/invoke/LambdaForm$DMH+0x000001e090698400'
Event: 15.016 Thread 0x000001e0f319e800 Unloading class 0x000001e090655c00 'java/lang/invoke/LambdaForm$DMH+0x000001e090655c00'
Event: 15.016 Thread 0x000001e0f319e800 Unloading class 0x000001e090658000 'java/lang/invoke/LambdaForm$DMH+0x000001e090658000'

Classes redefined (0 events):
No events

Internal exceptions (20 events):
Event: 15.723 Thread 0x000001e0d45d8fb0 Exception <a 'sun/nio/fs/WindowsException'{0x00000000d5f73820}> (0x00000000d5f73820) 
thrown [s\src\hotspot\share\prims\jni.cpp, line 520]
Event: 15.724 Thread 0x000001e0d45d8fb0 Exception <a 'sun/nio/fs/WindowsException'{0x00000000d5f74328}> (0x00000000d5f74328) 
thrown [s\src\hotspot\share\prims\jni.cpp, line 520]
Event: 15.726 Thread 0x000001e0d45d8fb0 Exception <a 'sun/nio/fs/WindowsException'{0x00000000d60202a8}> (0x00000000d60202a8) 
thrown [s\src\hotspot\share\prims\jni.cpp, line 520]
Event: 15.726 Thread 0x000001e0d45d8fb0 Exception <a 'sun/nio/fs/WindowsException'{0x00000000d6020b98}> (0x00000000d6020b98) 
thrown [s\src\hotspot\share\prims\jni.cpp, line 520]
Event: 15.755 Thread 0x000001e0d45d8fb0 Exception <a 'java/lang/IncompatibleClassChangeError'{0x00000000d62eefe8}: Found class java.lang.Object, but interface was expected> (0x00000000d62eefe8) 
thrown [s\src\hotspot\share\interpreter\linkResolver.cpp, line 840]
Event: 16.013 Thread 0x000001e0fd42ced0 Exception <a 'sun/nio/fs/WindowsException'{0x00000000d613f388}> (0x00000000d613f388) 
thrown [s\src\hotspot\share\prims\jni.cpp, line 520]
Event: 16.036 Thread 0x000001e0fd42ced0 Implicit null exception at 0x000001e087ec94a2 to 0x000001e087ec9b44
Event: 16.058 Thread 0x000001e0d45d8fb0 Exception <a 'java/lang/IncompatibleClassChangeError'{0x00000000d658e428}: Found class java.lang.Object, but interface was expected> (0x00000000d658e428) 
thrown [s\src\hotspot\share\interpreter\linkResolver.cpp, line 840]
Event: 16.070 Thread 0x000001e0d45d8fb0 Exception <a 'java/lang/IncompatibleClassChangeError'{0x00000000d65daed0}: Found class java.lang.Object, but interface was expected> (0x00000000d65daed0) 
thrown [s\src\hotspot\share\interpreter\linkResolver.cpp, line 840]
Event: 16.265 Thread 0x000001e0ff068bb0 Exception <a 'java/lang/NoSuchMethodError'{0x00000000d60ae948}: 'int java.lang.invoke.DirectMethodHandle$Holder.invokeSpecialIFC(java.lang.Object, java.lang.Object, int)'> (0x00000000d60ae948) 
thrown [s\src\hotspot\share\interpreter\linkResolver.cpp, line 773]
Event: 16.346 Thread 0x000001e0fd42e280 Exception <a 'java/io/FileNotFoundException'{0x00000000d626cca0}> (0x00000000d626cca0) 
thrown [s\src\hotspot\share\prims\jni.cpp, line 520]
Event: 16.347 Thread 0x000001e0fd42e280 Exception <a 'java/io/FileNotFoundException'{0x00000000d62835a8}> (0x00000000d62835a8) 
thrown [s\src\hotspot\share\prims\jni.cpp, line 520]
Event: 16.347 Thread 0x000001e0fd42e280 Exception <a 'java/io/FileNotFoundException'{0x00000000d6284808}> (0x00000000d6284808) 
thrown [s\src\hotspot\share\prims\jni.cpp, line 520]
Event: 16.350 Thread 0x000001e0ff068bb0 Exception <a 'sun/nio/fs/WindowsException'{0x00000000d629d448}> (0x00000000d629d448) 
thrown [s\src\hotspot\share\prims\jni.cpp, line 520]
Event: 16.351 Thread 0x000001e0ff068bb0 Exception <a 'sun/nio/fs/WindowsException'{0x00000000d629da88}> (0x00000000d629da88) 
thrown [s\src\hotspot\share\prims\jni.cpp, line 520]
Event: 16.725 Thread 0x000001e0fd42e280 Exception <a 'sun/nio/fs/WindowsException'{0x00000000d5cbfc70}> (0x00000000d5cbfc70) 
thrown [s\src\hotspot\share\prims\jni.cpp, line 520]
Event: 16.740 Thread 0x000001e0fd42e280 Exception <a 'sun/nio/fs/WindowsException'{0x00000000d5d361a8}> (0x00000000d5d361a8) 
thrown [s\src\hotspot\share\prims\jni.cpp, line 520]
Event: 16.789 Thread 0x000001e0d45d8fb0 Exception <a 'java/lang/IncompatibleClassChangeError'{0x00000000d5e17ff8}: Found class java.lang.Object, but interface was expected> (0x00000000d5e17ff8) 
thrown [s\src\hotspot\share\interpreter\linkResolver.cpp, line 840]
Event: 16.789 Thread 0x000001e0fd42e280 Exception <a 'sun/nio/fs/WindowsException'{0x00000000d5e116c0}> (0x00000000d5e116c0) 
thrown [s\src\hotspot\share\prims\jni.cpp, line 520]
Event: 17.161 Thread 0x000001e0fd42e280 Exception <a 'java/lang/NoSuchMethodError'{0x00000000d6390da0}: 'java.lang.Object java.lang.invoke.DirectMethodHandle$Holder.newInvokeSpecial(java.lang.Object, java.lang.Object, int, int, java.lang.Object)'> (0x00000000d6390da0) 
thrown [s\src\hotspot\share\interpreter\linkResolver.cpp, line 773]

ZGC Phase Switch (0 events):
No events

VM Operations (20 events):
Event: 16.371 Executing non-safepoint VM operation: HandshakeAllThreads (Deoptimize) done
Event: 16.373 Executing safepoint VM operation: ParallelGCFailedAllocation (Allocation Failure)
Event: 16.378 Executing safepoint VM operation: ParallelGCFailedAllocation (Allocation Failure) done
Event: 16.468 Executing safepoint VM operation: ParallelGCFailedAllocation (Allocation Failure)
Event: 16.476 Executing safepoint VM operation: ParallelGCFailedAllocation (Allocation Failure) done
Event: 16.487 Executing non-safepoint VM operation: HandshakeAllThreads (Deoptimize)
Event: 16.491 Executing non-safepoint VM operation: HandshakeAllThreads (Deoptimize) done
Event: 16.668 Executing safepoint VM operation: ParallelGCFailedAllocation (Allocation Failure)
Event: 16.673 Executing safepoint VM operation: ParallelGCFailedAllocation (Allocation Failure) done
Event: 16.923 Executing safepoint VM operation: ICBufferFull
Event: 16.923 Executing safepoint VM operation: ICBufferFull done
Event: 16.934 Executing safepoint VM operation: ParallelGCFailedAllocation (Allocation Failure)
Event: 16.938 Executing safepoint VM operation: ParallelGCFailedAllocation (Allocation Failure) done
Event: 17.235 Executing non-safepoint VM operation: HandshakeAllThreads (Deoptimize)
Event: 17.235 Executing non-safepoint VM operation: HandshakeAllThreads (Deoptimize) done
Event: 17.242 Executing safepoint VM operation: ParallelGCFailedAllocation (Allocation Failure)
Event: 17.246 Executing safepoint VM operation: ParallelGCFailedAllocation (Allocation Failure) done
Event: 17.369 Executing non-safepoint VM operation: HandshakeAllThreads (Deoptimize)
Event: 17.369 Executing non-safepoint VM operation: HandshakeAllThreads (Deoptimize) done
Event: 18.368 Executing safepoint VM operation: Cleanup

Memory protections (0 events):
No events

Nmethod flushes (20 events):
Event: 15.032 Thread 0x000001e0f319e800 flushing  nmethod 0x000001e0807a3e90
Event: 15.032 Thread 0x000001e0f319e800 flushing  nmethod 0x000001e0807c3c90
Event: 15.032 Thread 0x000001e0f319e800 flushing osr nmethod 0x000001e0807cc310
Event: 15.032 Thread 0x000001e0f319e800 flushing osr nmethod 0x000001e0807ce010
Event: 15.032 Thread 0x000001e0f319e800 flushing osr nmethod 0x000001e080805290
Event: 15.032 Thread 0x000001e0f319e800 flushing  nmethod 0x000001e080825e10
Event: 15.032 Thread 0x000001e0f319e800 flushing  nmethod 0x000001e080844890
Event: 15.032 Thread 0x000001e0f319e800 flushing  nmethod 0x000001e080845210
Event: 15.032 Thread 0x000001e0f319e800 flushing  nmethod 0x000001e080845590
Event: 15.032 Thread 0x000001e0f319e800 flushing  nmethod 0x000001e080845910
Event: 15.032 Thread 0x000001e0f319e800 flushing  nmethod 0x000001e080846510
Event: 15.032 Thread 0x000001e0f319e800 flushing  nmethod 0x000001e080849a10
Event: 15.032 Thread 0x000001e0f319e800 flushing  nmethod 0x000001e080877910
Event: 15.032 Thread 0x000001e0f319e800 flushing  nmethod 0x000001e080879210
Event: 15.032 Thread 0x000001e0f319e800 flushing  nmethod 0x000001e080879810
Event: 15.032 Thread 0x000001e0f319e800 flushing  nmethod 0x000001e08087a090
Event: 15.032 Thread 0x000001e0f319e800 flushing  nmethod 0x000001e08087ad90
Event: 15.032 Thread 0x000001e0f319e800 flushing  nmethod 0x000001e08087e990
Event: 15.032 Thread 0x000001e0f319e800 flushing  nmethod 0x000001e080885110
Event: 15.032 Thread 0x000001e0f319e800 flushing  nmethod 0x000001e08089b090

Events (20 events):
Event: 14.169 Thread 0x000001e0ff069240 Thread added: 0x000001e0ff065dc0
Event: 14.593 Thread 0x000001e0ff065dc0 Thread added: 0x000001e0ff066450
Event: 14.593 Thread 0x000001e0d45d9640 Thread added: 0x000001e0ff067e90
Event: 14.593 Thread 0x000001e0ff068bb0 Thread added: 0x000001e0ff0698d0
Event: 14.593 Thread 0x000001e0d45d8920 Thread added: 0x000001e0ff06a5f0
Event: 14.594 Thread 0x000001e0d45d8fb0 Thread added: 0x000001e0ff068520
Event: 16.829 Thread 0x000001e0fd42e280 Thread added: 0x000001e0ff06b9a0
Event: 16.829 Thread 0x000001e0fd42e280 Thread added: 0x000001e0ff06c030
Event: 16.829 Thread 0x000001e0fd42e280 Thread added: 0x000001e0de375dc0
Event: 16.830 Thread 0x000001e0fd42e280 Thread added: 0x000001e0de375730
Event: 16.830 Thread 0x000001e0fd42e280 Thread added: 0x000001e0de376450
Event: 16.830 Thread 0x000001e0fd42e280 Thread added: 0x000001e0de377e90
Event: 16.995 Thread 0x000001e0fd42e280 Thread added: 0x000001e0de377170
Event: 17.163 Thread 0x000001e0fd42e280 Thread added: 0x000001e0de376ae0
Event: 17.163 Thread 0x000001e0fd42e280 Thread added: 0x000001e0de377800
Event: 17.200 Thread 0x000001e0fd42e280 Thread added: 0x000001e0de374a10
Event: 17.201 Thread 0x000001e0fd42e280 Thread added: 0x000001e0de378520
Event: 17.201 Thread 0x000001e0d45d9640 Thread added: 0x000001e0de3750a0
Event: 17.256 Thread 0x000001e0fd42e280 Thread added: 0x000001e0de37c030
Event: 17.257 Thread 0x000001e0fd42e280 Thread added: 0x000001e0de379f60


Dynamic libraries:
0x00007ff7ded80000 - 0x00007ff7ded8e000 	c:\Users\padma\.vscode\extensions\redhat.java-1.55.0-win32-x64\jre\21.0.11-win32-x86_64\bin\java.exe
0x00007ffeb9700000 - 0x00007ffeb9966000 	C:\WINDOWS\SYSTEM32\ntdll.dll
0x00007ffeb8810000 - 0x00007ffeb88d9000 	C:\WINDOWS\System32\KERNEL32.DLL
0x00007ffeb6ef0000 - 0x00007ffeb72ea000 	C:\WINDOWS\System32\KERNELBASE.dll
0x00007ffeb6c00000 - 0x00007ffeb6d4c000 	C:\WINDOWS\System32\ucrtbase.dll
0x00007ffe9cb70000 - 0x00007ffe9cb88000 	c:\Users\padma\.vscode\extensions\redhat.java-1.55.0-win32-x64\jre\21.0.11-win32-x86_64\bin\jli.dll
0x00007ffeb89a0000 - 0x00007ffeb8b67000 	C:\WINDOWS\System32\USER32.dll
0x00007ffeb6d50000 - 0x00007ffeb6d77000 	C:\WINDOWS\System32\win32u.dll
0x00007ffeb94e0000 - 0x00007ffeb950b000 	C:\WINDOWS\System32\GDI32.dll
0x00007ffe99b30000 - 0x00007ffe99dc2000 	C:\WINDOWS\WinSxS\amd64_microsoft.windows.common-controls_6595b64144ccf1df_6.0.26100.8521_none_3e08b75ce33403b3\COMCTL32.dll
0x00007ffe85320000 - 0x00007ffe8533e000 	c:\Users\padma\.vscode\extensions\redhat.java-1.55.0-win32-x64\jre\21.0.11-win32-x86_64\bin\VCRUNTIME140.dll
0x00007ffeb88f0000 - 0x00007ffeb8999000 	C:\WINDOWS\System32\msvcrt.dll
0x00007ffeb6990000 - 0x00007ffeb6abb000 	C:\WINDOWS\System32\gdi32full.dll
0x00007ffeb6ac0000 - 0x00007ffeb6b63000 	C:\WINDOWS\System32\msvcp_win.dll
0x00007ffeb84e0000 - 0x00007ffeb8512000 	C:\WINDOWS\System32\IMM32.DLL
0x00007ffea9200000 - 0x00007ffea920c000 	c:\Users\padma\.vscode\extensions\redhat.java-1.55.0-win32-x64\jre\21.0.11-win32-x86_64\bin\vcruntime140_1.dll
0x00007ffe71c40000 - 0x00007ffe71ccd000 	c:\Users\padma\.vscode\extensions\redhat.java-1.55.0-win32-x64\jre\21.0.11-win32-x86_64\bin\msvcp140.dll
0x00007ffe29ec0000 - 0x00007ffe2ac62000 	c:\Users\padma\.vscode\extensions\redhat.java-1.55.0-win32-x64\jre\21.0.11-win32-x86_64\bin\server\jvm.dll
0x00007ffeb7470000 - 0x00007ffeb7526000 	C:\WINDOWS\System32\ADVAPI32.dll
0x00007ffeb9510000 - 0x00007ffeb95ba000 	C:\WINDOWS\System32\sechost.dll
0x00007ffeb9030000 - 0x00007ffeb9148000 	C:\WINDOWS\System32\RPCRT4.dll
0x00007ffeb8310000 - 0x00007ffeb8390000 	C:\WINDOWS\System32\WS2_32.dll
0x00007ffeb4320000 - 0x00007ffeb4356000 	C:\WINDOWS\SYSTEM32\WINMM.dll
0x00007ffeb67f0000 - 0x00007ffeb684e000 	C:\WINDOWS\SYSTEM32\POWRPROF.dll
0x00007ffea84f0000 - 0x00007ffea84fb000 	C:\WINDOWS\SYSTEM32\VERSION.dll
0x00007ffeb67d0000 - 0x00007ffeb67e4000 	C:\WINDOWS\SYSTEM32\UMPDC.dll
0x00007ffeb5720000 - 0x00007ffeb573b000 	C:\WINDOWS\SYSTEM32\kernel.appcore.dll
0x00007ffea8fa0000 - 0x00007ffea8faa000 	c:\Users\padma\.vscode\extensions\redhat.java-1.55.0-win32-x64\jre\21.0.11-win32-x86_64\bin\jimage.dll
0x00007ffeb40d0000 - 0x00007ffeb4312000 	C:\WINDOWS\SYSTEM32\DBGHELP.DLL
0x00007ffeb9150000 - 0x00007ffeb94d3000 	C:\WINDOWS\System32\combase.dll
0x00007ffeb83a0000 - 0x00007ffeb8479000 	C:\WINDOWS\System32\OLEAUT32.dll
0x00007ffeb4090000 - 0x00007ffeb40cb000 	C:\WINDOWS\SYSTEM32\dbgcore.DLL
0x00007ffeb6d80000 - 0x00007ffeb6e28000 	C:\WINDOWS\System32\bcryptPrimitives.dll
0x00007ffea7ae0000 - 0x00007ffea7aef000 	c:\Users\padma\.vscode\extensions\redhat.java-1.55.0-win32-x64\jre\21.0.11-win32-x86_64\bin\instrument.dll
0x00007ffe826b0000 - 0x00007ffe826d0000 	c:\Users\padma\.vscode\extensions\redhat.java-1.55.0-win32-x64\jre\21.0.11-win32-x86_64\bin\java.dll
0x00007ffeb7760000 - 0x00007ffeb7ee4000 	C:\WINDOWS\System32\SHELL32.dll
0x00007ffeb4590000 - 0x00007ffeb4e10000 	C:\WINDOWS\SYSTEM32\windows.storage.dll
0x00007ffeb95c0000 - 0x00007ffeb96b6000 	C:\WINDOWS\System32\SHCORE.dll
0x00007ffeb7530000 - 0x00007ffeb7597000 	C:\WINDOWS\System32\shlwapi.dll
0x00007ffeb68b0000 - 0x00007ffeb68d9000 	C:\WINDOWS\SYSTEM32\profapi.dll
0x00007ffe9cb90000 - 0x00007ffe9cba8000 	c:\Users\padma\.vscode\extensions\redhat.java-1.55.0-win32-x64\jre\21.0.11-win32-x86_64\bin\zip.dll
0x00007ffea77a0000 - 0x00007ffea77b0000 	C:\Users\padma\.vscode\extensions\redhat.java-1.55.0-win32-x64\jre\21.0.11-win32-x86_64\bin\net.dll
0x00007ffea9ce0000 - 0x00007ffea9e09000 	C:\WINDOWS\SYSTEM32\WINHTTP.dll
0x00007ffeb5c90000 - 0x00007ffeb5cfc000 	C:\WINDOWS\system32\mswsock.dll
0x00007ffe80280000 - 0x00007ffe80296000 	C:\Users\padma\.vscode\extensions\redhat.java-1.55.0-win32-x64\jre\21.0.11-win32-x86_64\bin\nio.dll
0x00007ffea6110000 - 0x00007ffea6120000 	c:\Users\padma\.vscode\extensions\redhat.java-1.55.0-win32-x64\jre\21.0.11-win32-x86_64\bin\verify.dll
0x00007ffe75df0000 - 0x00007ffe75e35000 	C:\Users\padma\AppData\Roaming\Code\User\globalStorage\redhat.java\1.55.0\config_win\org.eclipse.equinox.launcher\org.eclipse.equinox.launcher.win32.win32.x86_64_1.3.100.v20260613-0559\eclipse_11924.dll
0x00007ffeb85b0000 - 0x00007ffeb8748000 	C:\WINDOWS\System32\ole32.dll
0x00007ffeb5f70000 - 0x00007ffeb5f8b000 	C:\WINDOWS\SYSTEM32\CRYPTSP.dll
0x00007ffeb5680000 - 0x00007ffeb56b9000 	C:\WINDOWS\system32\rsaenh.dll
0x00007ffeb5d40000 - 0x00007ffeb5d73000 	C:\WINDOWS\SYSTEM32\USERENV.dll
0x00007ffeb6880000 - 0x00007ffeb68aa000 	C:\WINDOWS\SYSTEM32\bcrypt.dll
0x00007ffeb5f90000 - 0x00007ffeb5f9c000 	C:\WINDOWS\SYSTEM32\CRYPTBASE.dll
0x00007ffeb5120000 - 0x00007ffeb5153000 	C:\WINDOWS\SYSTEM32\IPHLPAPI.DLL
0x00007ffeb87d0000 - 0x00007ffeb87da000 	C:\WINDOWS\System32\NSI.dll
0x00007ffe75da0000 - 0x00007ffe75de9000 	C:\Users\padma\AppData\Local\Temp\jna-106423655\jna12404407235599362475.dll
0x00007ffeb80a0000 - 0x00007ffeb80a8000 	C:\WINDOWS\System32\PSAPI.DLL
0x00007ffeae510000 - 0x00007ffeae52d000 	C:\WINDOWS\SYSTEM32\dhcpcsvc6.DLL
0x00007ffea9a00000 - 0x00007ffea9a25000 	C:\WINDOWS\SYSTEM32\dhcpcsvc.DLL

JVMTI agents:
c:\Users\padma\.vscode\extensions\redhat.java-1.55.0-win32-x64\lombok\lombok-1.18.39-4050.jar path:c:\Users\padma\.vscode\extensions\redhat.java-1.55.0-win32-x64\jre\21.0.11-win32-x86_64\bin\instrument.dll, loaded, initialized, instrumentlib options:none

dbghelp: loaded successfully - version: 4.0.5 - missing functions: none
symbol engine: initialized successfully - sym options: 0x614 - pdb path: .;c:\Users\padma\.vscode\extensions\redhat.java-1.55.0-win32-x64\jre\21.0.11-win32-x86_64\bin;C:\WINDOWS\SYSTEM32;C:\WINDOWS\WinSxS\amd64_microsoft.windows.common-controls_6595b64144ccf1df_6.0.26100.8521_none_3e08b75ce33403b3;c:\Users\padma\.vscode\extensions\redhat.java-1.55.0-win32-x64\jre\21.0.11-win32-x86_64\bin\server;C:\Users\padma\AppData\Roaming\Code\User\globalStorage\redhat.java\1.55.0\config_win\org.eclipse.equinox.launcher\org.eclipse.equinox.launcher.win32.win32.x86_64_1.3.100.v20260613-0559;C:\Users\padma\AppData\Local\Temp\jna-106423655

VM Arguments:
jvm_args: --add-modules=ALL-SYSTEM --add-opens=java.base/java.util=ALL-UNNAMED --add-opens=java.base/java.lang=ALL-UNNAMED --add-opens=java.base/sun.nio.fs=ALL-UNNAMED -Declipse.application=org.eclipse.jdt.ls.core.id1 -Dosgi.bundles.defaultStartLevel=4 -Declipse.product=org.eclipse.jdt.ls.core.product -Djava.import.generatesMetadataFilesAtProjectRoot=false -DDetectVMInstallationsJob.disabled=true -Dfile.encoding=utf8 -XX:+UseParallelGC -XX:GCTimeRatio=4 -XX:AdaptiveSizePolicyWeight=90 -Dsun.zip.disableMemoryMapping=true -Xmx2G -Xms100m -Xlog:disable -javaagent:c:\Users\padma\.vscode\extensions\redhat.java-1.55.0-win32-x64\lombok\lombok-1.18.39-4050.jar -XX:+HeapDumpOnOutOfMemoryError -XX:HeapDumpPath=c:\Users\padma\AppData\Roaming\Code\User\workspaceStorage\31a8c9826d4c04839332207054e52c7c\redhat.java -Daether.dependencyCollector.impl=bf 
java_command: c:\Users\padma\.vscode\extensions\redhat.java-1.55.0-win32-x64\server\plugins\org.eclipse.equinox.launcher_1.7.200.v20260619-2039.jar -configuration c:\Users\padma\AppData\Roaming\Code\User\globalStorage\redhat.java\1.55.0\config_win -data c:\Users\padma\AppData\Roaming\Code\User\workspaceStorage\31a8c9826d4c04839332207054e52c7c\redhat.java\jdt_ws --pipe=\\.\pipe\lsp-fb74340caf4e9b87dc226d23d820bfa6-sock
java_class_path (initial): c:\Users\padma\.vscode\extensions\redhat.java-1.55.0-win32-x64\server\plugins\org.eclipse.equinox.launcher_1.7.200.v20260619-2039.jar
Launcher Type: SUN_STANDARD

[Global flags]
    uintx AdaptiveSizePolicyWeight                 = 90                                        {product} {command line}
     intx CICompilerCount                          = 4                                         {product} {ergonomic}
    uintx GCTimeRatio                              = 4                                         {product} {command line}
     bool HeapDumpOnOutOfMemoryError               = true                                   {manageable} {command line}
    ccstr HeapDumpPath                             = c:\Users\padma\AppData\Roaming\Code\User\workspaceStorage\31a8c9826d4c04839332207054e52c7c\redhat.java         {manageable} {command line}
   size_t InitialHeapSize                          = 104857600                                 {product} {command line}
   size_t MaxHeapSize                              = 2147483648                                {product} {command line}
   size_t MaxNewSize                               = 715653120                                 {product} {ergonomic}
   size_t MinHeapDeltaBytes                        = 524288                                    {product} {ergonomic}
   size_t MinHeapSize                              = 104857600                                 {product} {command line}
   size_t NewSize                                  = 34603008                                  {product} {ergonomic}
    uintx NonNMethodCodeHeapSize                   = 5839372                                {pd product} {ergonomic}
    uintx NonProfiledCodeHeapSize                  = 122909434                              {pd product} {ergonomic}
   size_t OldSize                                  = 70254592                                  {product} {ergonomic}
    uintx ProfiledCodeHeapSize                     = 122909434                              {pd product} {ergonomic}
    uintx ReservedCodeCacheSize                    = 251658240                              {pd product} {ergonomic}
     bool SegmentedCodeCache                       = true                                      {product} {ergonomic}
   size_t SoftMaxHeapSize                          = 2147483648                             {manageable} {ergonomic}
     bool UseCompressedOops                        = true                           {product lp64_product} {ergonomic}
     bool UseLargePagesIndividualAllocation        = false                                  {pd product} {ergonomic}
     bool UseParallelGC                            = true                                      {product} {command line}

Logging:
Log output configuration:
 #0: stdout all=off uptime,level,tags foldmultilines=false
 #1: stderr all=off uptime,level,tags foldmultilines=false

Release file:
JAVA_VERSION="21.0.11" 
MODULES="java.base java.compiler java.datatransfer java.xml java.prefs java.desktop java.instrument java.logging java.management java.security.sasl java.naming java.rmi java.management.rmi java.net.http java.scripting java.security.jgss java.transaction.xa java.sql java.sql.rowset java.xml.crypto java.se java.smartcardio jdk.accessibility jdk.internal.jvmstat jdk.attach jdk.charsets jdk.internal.opt jdk.zipfs jdk.compiler jdk.crypto.ec jdk.crypto.cryptoki jdk.crypto.mscapi jdk.dynalink jdk.internal.ed jdk.editpad jdk.hotspot.agent jdk.httpserver jdk.internal.le jdk.internal.vm.ci jdk.internal.vm.compiler jdk.internal.vm.compiler.management jdk.jartool jdk.javadoc jdk.jcmd jdk.management jdk.management.agent jdk.jconsole jdk.jdeps jdk.jdwp.agent jdk.jdi jdk.jfr jdk.jshell jdk.jsobject jdk.jstatd jdk.localedata jdk.management.jfr jdk.naming.dns jdk.naming.rmi jdk.net jdk.nio.mapmode jdk.random jdk.sctp jdk.security.auth jdk.security.jgss jdk.unsupported jdk.unsupported.desktop jdk.xml.dom" 

Environment Variables:
JAVA_HOME=C:\Program Files\Java\jdk-15.0.1
PATH=C:\Program Files\Python311\Scripts\;C:\Program Files\Python311\;C:\Program Files (x86)\Common Files\Oracle\Java\javapath;C:\Program Files\Common Files\Oracle\Java\javapath;C:\Windows\system32;C:\Windows;C:\Windows\System32\Wbem;C:\Windows\System32\WindowsPowerShell\v1.0\;C:\Windows\System32\OpenSSH\;C:\Program Files\NVIDIA Corporation\NVIDIA NvDLISR;C:\WINDOWS\system32;C:\WINDOWS;C:\WINDOWS\System32\Wbem;C:\WINDOWS\System32\WindowsPowerShell\v1.0\;C:\WINDOWS\System32\OpenSSH\;C:\Program Files\Java\jdk-15.0.1\bin;C:\Program Files\dotnet\;C:\Program Files\Java\jdk-15.0.1\bin;C:\Program Files\MySQL\MySQL Server 5.1\bin;C:\Program Files\Git\cmd;C:\Program Files\Git\bin;C:\Program Files (x86)\swipl\bin;C:\Program Files\MongoDB\Server\8.2\bin;C:\Program Files\nodejs\;C:\Release-26.02.0-0\poppler-26.02.0\Library\bin;C:\Program Files\MySQL\MySQL Server 8.0\bin;C:\Program Files\MySQL\MySQL Shell 8.0\bin\;C:\Ruby34-x64\bin;C:\Users\padma\AppData\Local\Microsoft\WindowsApps;C:\Users\padma\AppData\Local\Programs\Microsoft VS Code\bin;C:\Users\padma\AppData\Roaming\npm;C:\Users\padma\AppData\Local\Programs\Antigravity\bin;C:\Users\padma\AppData\Local\Programs\Antigravity IDE\bin;C:\Users\padma\AppData\Local\GitHubDesktop\bin
USERNAME=padma
OS=Windows_NT
PROCESSOR_IDENTIFIER=Intel64 Family 6 Model 126 Stepping 5, GenuineIntel
TMP=C:\Users\padma\AppData\Local\Temp
TEMP=C:\Users\padma\AppData\Local\Temp




Periodic native trim disabled

---------------  S Y S T E M  ---------------

OS:
 Windows 11 , 64 bit Build 26100 (10.0.26100.8521)
OS uptime: 30 days 3:40 hours

CPU: total 8 (initial active 8) (4 cores per cpu, 2 threads per core) family 6 model 126 stepping 5 microcode 0xc2, cx8, cmov, fxsr, ht, mmx, 3dnowpref, sse, sse2, sse3, ssse3, sse4.1, sse4.2, popcnt, lzcnt, tsc, tscinvbit, avx, avx2, aes, erms, clmul, bmi1, bmi2, adx, avx512f, avx512dq, avx512cd, avx512bw, avx512vl, sha, fma, vzeroupper, avx512_vpopcntdq, avx512_vpclmulqdq, avx512_vaes, avx512_vnni, clflush, clflushopt, avx512_vbmi2, avx512_vbmi, rdtscp, rdpid, fsrm, gfni, avx512_bitalg, f16c, pku, avx512_ifma
Processor Information for the first 8 processors :
  Max Mhz: 1190, Current Mhz: 991, Mhz Limit: 987

Memory: 4k page, system-wide physical 7959M (559M free)
TotalPageFile size 32535M (AvailPageFile size 68M)
current process WorkingSet (physical memory assigned to process): 328M, peak: 328M
current process commit charge ("private bytes"): 406M, peak: 406M

vm_info: OpenJDK 64-Bit Server VM (21.0.11+10-LTS) for windows-amd64 JRE (21.0.11+10-LTS), built on 2026-04-21T00:00:00Z by "admin" with MS VC++ 17.12 (VS2022)

END.
