#
# There is insufficient memory for the Java Runtime Environment to continue.
# Native memory allocation (malloc) failed to allocate 1973936 bytes. Error detail: Chunk::new
# Possible reasons:
#   The system is out of physical RAM or swap space
#   This process is running with CompressedOops enabled, and the Java Heap may be blocking the growth of the native heap
# Possible solutions:
#   Reduce memory load on the system
#   Increase physical memory or swap space
#   Check if swap backing store is full
#   Decrease Java heap size (-Xmx/-Xms)
#   Decrease number of Java threads
#   Decrease Java thread stack sizes (-Xss)
#   Set larger code cache with -XX:ReservedCodeCacheSize=
#   JVM is running with Unscaled Compressed Oops mode in which the Java heap is
#     placed in the first 4GB address space. The Java Heap base address is the
#     maximum limit for the native heap growth. Please use -XX:HeapBaseMinAddress
#     to set the Java Heap base and to place the Java Heap above 4GB virtual address.
# This output file may be truncated or incomplete.
#
#  Out of Memory Error (arena.cpp:168), pid=52032, tid=47200
#
# JRE version: OpenJDK Runtime Environment Temurin-21.0.11+10 (21.0.11+10) (build 21.0.11+10-LTS)
# Java VM: OpenJDK 64-Bit Server VM Temurin-21.0.11+10 (21.0.11+10-LTS, mixed mode, sharing, tiered, compressed oops, compressed class ptrs, parallel gc, windows-amd64)
# No core dump will be written. Minidumps are not enabled by default on client versions of Windows
#

---------------  S U M M A R Y ------------

Command Line: --add-modules=ALL-SYSTEM --add-opens=java.base/java.util=ALL-UNNAMED --add-opens=java.base/java.lang=ALL-UNNAMED --add-opens=java.base/sun.nio.fs=ALL-UNNAMED -Declipse.application=org.eclipse.jdt.ls.core.id1 -Dosgi.bundles.defaultStartLevel=4 -Declipse.product=org.eclipse.jdt.ls.core.product -Djava.import.generatesMetadataFilesAtProjectRoot=false -DDetectVMInstallationsJob.disabled=true -Dfile.encoding=utf8 -XX:+UseParallelGC -XX:GCTimeRatio=4 -XX:AdaptiveSizePolicyWeight=90 -Dsun.zip.disableMemoryMapping=true -Xmx2G -Xms100m -Xlog:disable -javaagent:c:\Users\padma\.vscode\extensions\redhat.java-1.55.0-win32-x64\lombok\lombok-1.18.39-4050.jar -XX:+HeapDumpOnOutOfMemoryError -XX:HeapDumpPath=c:\Users\padma\AppData\Roaming\Code\User\workspaceStorage\31a8c9826d4c04839332207054e52c7c\redhat.java -Daether.dependencyCollector.impl=bf c:\Users\padma\.vscode\extensions\redhat.java-1.55.0-win32-x64\server\plugins\org.eclipse.equinox.launcher_1.7.200.v20260619-2039.jar -configuration c:\Users\padma\AppData\Roaming\Code\User\globalStorage\redhat.java\1.55.0\config_win -data c:\Users\padma\AppData\Roaming\Code\User\workspaceStorage\31a8c9826d4c04839332207054e52c7c\redhat.java\jdt_ws --pipe=\\.\pipe\lsp-80cbddd4b2078ce993e99d41ce08da6a-sock

Host: Intel(R) Core(TM) i5-1035G1 CPU @ 1.00GHz, 8 cores, 7G,  Windows 11 , 64 bit Build 26100 (10.0.26100.8521)
Time: Fri Jul 17 10:50:27 2026 India Standard Time elapsed time: 10.766190 seconds (0d 0h 0m 10s)

---------------  T H R E A D  ---------------

Current thread (0x0000027de06f4d20):  JavaThread "C2 CompilerThread1" daemon [_thread_in_native, id=47200, stack(0x000000dde7800000,0x000000dde7900000) (1024K)]


Current CompileTask:
C2:10766 5081   !   4       org.eclipse.osgi.internal.loader.classpath.ClasspathManager::defineClass (636 bytes)

Stack: [0x000000dde7800000,0x000000dde7900000]
Native frames: (J=compiled Java code, j=interpreted, Vv=VM code, C=native code)
V  [jvm.dll+0x6d7e19]
V  [jvm.dll+0x8b5096]
V  [jvm.dll+0x8b764e]
V  [jvm.dll+0x8b7d33]
V  [jvm.dll+0x284596]
V  [jvm.dll+0xc685d]
V  [jvm.dll+0xc6da1]
V  [jvm.dll+0x3bed31]
V  [jvm.dll+0x1e4149]
V  [jvm.dll+0x24c853]
V  [jvm.dll+0x24bce0]
V  [jvm.dll+0x1cb4ae]
V  [jvm.dll+0x25baad]
V  [jvm.dll+0x25a03a]
V  [jvm.dll+0x3f868e]
V  [jvm.dll+0x85fb0d]
V  [jvm.dll+0x6d664d]
C  [ucrtbase.dll+0x2cd30]
C  [KERNEL32.DLL+0x2e957]
C  [ntdll.dll+0x87c1c]


---------------  P R O C E S S  ---------------

Threads class SMR info:
_java_thread_list=0x0000027dc280cd70, length=39, elements={
0x0000027de075f8f0, 0x0000027de06cced0, 0x0000027de06cee00, 0x0000027de06d4580,
0x0000027de06d7650, 0x0000027de06dc6e0, 0x0000027de06e65a0, 0x0000027de06ecd90,
0x0000027de06f3f80, 0x0000027df8c16930, 0x0000027df8cfd300, 0x0000027dfd9559d0,
0x0000027dfdb594a0, 0x0000027dfd4dcf90, 0x0000027dfdb32660, 0x0000027dfdf22310,
0x0000027dfda26aa0, 0x0000027dfe0ef240, 0x0000027dfdfac210, 0x0000027dfdfadc50,
0x0000027dfdfac8a0, 0x0000027de06f4d20, 0x0000027dfdfacf30, 0x0000027dfdfaae60,
0x0000027dfdfad5c0, 0x0000027dfdfaa7d0, 0x0000027dfdfab4f0, 0x0000027dc14352a0,
0x0000027dc1433ef0, 0x0000027dc1435930, 0x0000027dc1433860, 0x0000027dc1437370,
0x0000027dc1436ce0, 0x0000027dc1437a00, 0x0000027dc1434580, 0x0000027dc1435fc0,
0x0000027dc1434c10, 0x0000027dc1438090, 0x0000027dc1436650
}

Java Threads: ( => current thread )
  0x0000027de075f8f0 JavaThread "main"                              [_thread_blocked, id=34044, stack(0x000000dde5900000,0x000000dde5a00000) (1024K)]
  0x0000027de06cced0 JavaThread "Reference Handler"          daemon [_thread_blocked, id=3944, stack(0x000000dde5d00000,0x000000dde5e00000) (1024K)]
  0x0000027de06cee00 JavaThread "Finalizer"                  daemon [_thread_blocked, id=83912, stack(0x000000dde5e00000,0x000000dde5f00000) (1024K)]
  0x0000027de06d4580 JavaThread "Signal Dispatcher"          daemon [_thread_blocked, id=27848, stack(0x000000dde5f00000,0x000000dde6000000) (1024K)]
  0x0000027de06d7650 JavaThread "Attach Listener"            daemon [_thread_blocked, id=25572, stack(0x000000dde6000000,0x000000dde6100000) (1024K)]
  0x0000027de06dc6e0 JavaThread "Service Thread"             daemon [_thread_blocked, id=55428, stack(0x000000dde6100000,0x000000dde6200000) (1024K)]
  0x0000027de06e65a0 JavaThread "Monitor Deflation Thread"   daemon [_thread_blocked, id=30008, stack(0x000000dde6200000,0x000000dde6300000) (1024K)]
  0x0000027de06ecd90 JavaThread "C2 CompilerThread0"         daemon [_thread_blocked, id=29416, stack(0x000000dde6300000,0x000000dde6400000) (1024K)]
  0x0000027de06f3f80 JavaThread "C1 CompilerThread0"         daemon [_thread_blocked, id=56780, stack(0x000000dde6400000,0x000000dde6500000) (1024K)]
  0x0000027df8c16930 JavaThread "Common-Cleaner"             daemon [_thread_blocked, id=83664, stack(0x000000dde6600000,0x000000dde6700000) (1024K)]
  0x0000027df8cfd300 JavaThread "Notification Thread"        daemon [_thread_blocked, id=14672, stack(0x000000dde6700000,0x000000dde6800000) (1024K)]
  0x0000027dfd9559d0 JavaThread "Active Thread: Equinox Container: 0626b3f4-fc92-4b81-aced-2f069aeb53d2"        [_thread_blocked, id=67580, stack(0x000000dde6f00000,0x000000dde7000000) (1024K)]
  0x0000027dfdb594a0 JavaThread "Refresh Thread: Equinox Container: 0626b3f4-fc92-4b81-aced-2f069aeb53d2" daemon [_thread_blocked, id=68492, stack(0x000000dde7100000,0x000000dde7200000) (1024K)]
  0x0000027dfd4dcf90 JavaThread "Framework Event Dispatcher: Equinox Container: 0626b3f4-fc92-4b81-aced-2f069aeb53d2" daemon [_thread_blocked, id=50716, stack(0x000000dde7200000,0x000000dde7300000) (1024K)]
  0x0000027dfdb32660 JavaThread "Start Level: Equinox Container: 0626b3f4-fc92-4b81-aced-2f069aeb53d2" daemon [_thread_blocked, id=62308, stack(0x000000dde7300000,0x000000dde7400000) (1024K)]
  0x0000027dfdf22310 JavaThread "Bundle File Closer"         daemon [_thread_blocked, id=51740, stack(0x000000dde7400000,0x000000dde7500000) (1024K)]
  0x0000027dfda26aa0 JavaThread "SCR Component Actor"        daemon [_thread_blocked, id=63876, stack(0x000000dde6500000,0x000000dde6600000) (1024K)]
  0x0000027dfe0ef240 JavaThread "Worker-JM"                         [_thread_blocked, id=68776, stack(0x000000dde7600000,0x000000dde7700000) (1024K)]
  0x0000027dfdfac210 JavaThread "JNA Cleaner"                daemon [_thread_blocked, id=32052, stack(0x000000dde6800000,0x000000dde6900000) (1024K)]
  0x0000027dfdfadc50 JavaThread "Worker-0: Updating Maven Dependencies"        [_thread_blocked, id=41352, stack(0x000000dde7500000,0x000000dde7600000) (1024K)]
  0x0000027dfdfac8a0 JavaThread "Worker-1: Repository registry initialization"        [_thread_in_Java, id=52200, stack(0x000000dde7700000,0x000000dde7800000) (1024K)]
=>0x0000027de06f4d20 JavaThread "C2 CompilerThread1"         daemon [_thread_in_native, id=47200, stack(0x000000dde7800000,0x000000dde7900000) (1024K)]
  0x0000027dfdfacf30 JavaThread "Java indexing"              daemon [_thread_blocked, id=67880, stack(0x000000dde7a00000,0x000000dde7b00000) (1024K)]
  0x0000027dfdfaae60 JavaThread "Worker-2: Initialize After Load"        [_thread_blocked, id=32672, stack(0x000000dde7b00000,0x000000dde7c00000) (1024K)]
  0x0000027dfdfad5c0 JavaThread "Worker-3"                          [_thread_blocked, id=48500, stack(0x000000dde7e00000,0x000000dde7f00000) (1024K)]
  0x0000027dfdfaa7d0 JavaThread "Worker-4"                          [_thread_blocked, id=7056, stack(0x000000dde7f00000,0x000000dde8000000) (1024K)]
  0x0000027dfdfab4f0 JavaThread "Worker-5"                          [_thread_blocked, id=8512, stack(0x000000dde8000000,0x000000dde8100000) (1024K)]
  0x0000027dc14352a0 JavaThread "Thread-1"                   daemon [_thread_in_native, id=19248, stack(0x000000dde8100000,0x000000dde8200000) (1024K)]
  0x0000027dc1433ef0 JavaThread "Thread-2"                   daemon [_thread_in_native, id=3636, stack(0x000000dde8200000,0x000000dde8300000) (1024K)]
  0x0000027dc1435930 JavaThread "Thread-3"                   daemon [_thread_in_native, id=63252, stack(0x000000dde8300000,0x000000dde8400000) (1024K)]
  0x0000027dc1433860 JavaThread "Thread-4"                   daemon [_thread_in_native, id=54120, stack(0x000000dde8400000,0x000000dde8500000) (1024K)]
  0x0000027dc1437370 JavaThread "Thread-5"                   daemon [_thread_in_native, id=40920, stack(0x000000dde8500000,0x000000dde8600000) (1024K)]
  0x0000027dc1436ce0 JavaThread "Thread-6"                   daemon [_thread_in_native, id=83396, stack(0x000000dde8600000,0x000000dde8700000) (1024K)]
  0x0000027dc1437a00 JavaThread "Thread-7"                   daemon [_thread_in_native, id=28332, stack(0x000000dde8700000,0x000000dde8800000) (1024K)]
  0x0000027dc1434580 JavaThread "Thread-8"                   daemon [_thread_in_native, id=36224, stack(0x000000dde8800000,0x000000dde8900000) (1024K)]
  0x0000027dc1435fc0 JavaThread "Thread-9"                   daemon [_thread_in_native, id=53772, stack(0x000000dde8900000,0x000000dde8a00000) (1024K)]
  0x0000027dc1434c10 JavaThread "pool-2-thread-1"                   [_thread_blocked, id=54960, stack(0x000000dde8a00000,0x000000dde8b00000) (1024K)]
  0x0000027dc1438090 JavaThread "WorkspaceEventsHandler"            [_thread_blocked, id=19228, stack(0x000000dde8b00000,0x000000dde8c00000) (1024K)]
  0x0000027dc1436650 JavaThread "pool-1-thread-1"                   [_thread_blocked, id=42348, stack(0x000000dde8c00000,0x000000dde8d00000) (1024K)]
Total: 39

Other Threads:
  0x0000027de06b2880 VMThread "VM Thread"                           [id=79980, stack(0x000000dde5c00000,0x000000dde5d00000) (1024K)]
  0x0000027de07c87c0 WatcherThread "VM Periodic Task Thread"        [id=76992, stack(0x000000dde5b00000,0x000000dde5c00000) (1024K)]
  0x0000027de077cfe0 WorkerThread "GC Thread#0"                     [id=24920, stack(0x000000dde5a00000,0x000000dde5b00000) (1024K)]
  0x0000027dfd1944e0 WorkerThread "GC Thread#1"                     [id=49356, stack(0x000000dde6900000,0x000000dde6a00000) (1024K)]
  0x0000027dfd92ad40 WorkerThread "GC Thread#2"                     [id=54820, stack(0x000000dde6a00000,0x000000dde6b00000) (1024K)]
  0x0000027dfd62f3e0 WorkerThread "GC Thread#3"                     [id=74944, stack(0x000000dde6b00000,0x000000dde6c00000) (1024K)]
  0x0000027dfd9b7050 WorkerThread "GC Thread#4"                     [id=21844, stack(0x000000dde6c00000,0x000000dde6d00000) (1024K)]
  0x0000027dfd62f790 WorkerThread "GC Thread#5"                     [id=27828, stack(0x000000dde6d00000,0x000000dde6e00000) (1024K)]
  0x0000027dfd62fb40 WorkerThread "GC Thread#6"                     [id=73280, stack(0x000000dde6e00000,0x000000dde6f00000) (1024K)]
  0x0000027dfd5b7e20 WorkerThread "GC Thread#7"                     [id=28740, stack(0x000000dde7000000,0x000000dde7100000) (1024K)]
Total: 10

Threads with active compile tasks:
C2 CompilerThread1  10825 5081   !   4       org.eclipse.osgi.internal.loader.classpath.ClasspathManager::defineClass (636 bytes)
Total: 1

VM state: not at safepoint (normal execution)

VM Mutex/Monitor currently owned by a thread: None

Heap address: 0x0000000080000000, size: 2048 MB, Compressed Oops mode: 32-bit

CDS archive(s) mapped at: [0x0000027d80000000-0x0000027d80ba0000-0x0000027d80ba0000), size 12189696, SharedBaseAddress: 0x0000027d80000000, ArchiveRelocationMode: 1.
Compressed class space mapped at: 0x0000027d81000000-0x0000027dc1000000, reserved size: 1073741824
Narrow klass base: 0x0000027d80000000, Narrow klass shift: 0, Narrow klass range: 0x100000000

GC Precious Log:
 CardTable entry size: 512
 CPUs: 8 total, 8 available
 Memory: 7959M
 Large Page Support: Disabled
 NUMA Support: Disabled
 Compressed Oops: Enabled (32-bit)
 Alignments: Space 512K, Generation 512K, Heap 2M
 Heap Min Capacity: 100M
 Heap Initial Capacity: 100M
 Heap Max Capacity: 2G
 Pre-touch: Disabled
 Parallel Workers: 8

Heap:
 PSYoungGen      total 23040K, used 13530K [0x00000000d5580000, 0x00000000d6e80000, 0x0000000100000000)
  eden space 22016K, 57% used [0x00000000d5580000,0x00000000d61ce8a8,0x00000000d6b00000)
  from space 1024K, 90% used [0x00000000d6d80000,0x00000000d6e68000,0x00000000d6e80000)
  to   space 1024K, 0% used [0x00000000d6c80000,0x00000000d6c80000,0x00000000d6d80000)
 ParOldGen       total 68608K, used 20355K [0x0000000080000000, 0x0000000084300000, 0x00000000d5580000)
  object space 68608K, 29% used [0x0000000080000000,0x00000000813e0f68,0x0000000084300000)
 Metaspace       used 41709K, committed 42944K, reserved 1114112K
  class space    used 4508K, committed 5056K, reserved 1048576K

Card table byte_map: [0x0000027de0100000,0x0000027de0510000] _byte_map_base: 0x0000027ddfd00000

Marking Bits: (ParMarkBitMap*) 0x00007ffe2ab84460
 Begin Bits: [0x0000027df2c10000, 0x0000027df4c10000)
 End Bits:   [0x0000027df4c10000, 0x0000027df6c10000)

Polling page: 0x0000027dde570000

Metaspace:

Usage:
  Non-class:     36.33 MB used.
      Class:      4.40 MB used.
       Both:     40.73 MB used.

Virtual space:
  Non-class space:       64.00 MB reserved,      37.00 MB ( 58%) committed,  1 nodes.
      Class space:        1.00 GB reserved,       4.94 MB ( <1%) committed,  1 nodes.
             Both:        1.06 GB reserved,      41.94 MB (  4%) committed. 

Chunk freelists:
   Non-Class:  10.30 MB
       Class:  10.97 MB
        Both:  21.27 MB

MaxMetaspaceSize: unlimited
CompressedClassSpaceSize: 1.00 GB
Initial GC threshold: 21.00 MB
Current GC threshold: 58.38 MB
CDS: on
 - commit_granule_bytes: 65536.
 - commit_granule_words: 8192.
 - virtual_space_node_default_size: 8388608.
 - enlarge_chunks_in_place: 1.
 - use_allocation_guard: 0.


Internal statistics:

num_allocs_failed_limit: 6.
num_arena_births: 818.
num_arena_deaths: 38.
num_vsnodes_births: 2.
num_vsnodes_deaths: 0.
num_space_committed: 671.
num_space_uncommitted: 0.
num_chunks_returned_to_freelist: 51.
num_chunks_taken_from_freelist: 2668.
num_chunk_merges: 13.
num_chunk_splits: 1661.
num_chunks_enlarged: 978.
num_inconsistent_stats: 0.

CodeHeap 'non-profiled nmethods': size=120000Kb used=2467Kb max_used=2467Kb free=117532Kb
 bounds [0x0000027deb430000, 0x0000027deb6a0000, 0x0000027df2960000]
CodeHeap 'profiled nmethods': size=120000Kb used=9908Kb max_used=9908Kb free=110091Kb
 bounds [0x0000027de3960000, 0x0000027de4310000, 0x0000027deae90000]
CodeHeap 'non-nmethods': size=5760Kb used=1370Kb max_used=1423Kb free=4389Kb
 bounds [0x0000027deae90000, 0x0000027deb100000, 0x0000027deb430000]
CodeCache: size=245760Kb, used=13745Kb, max_used=13798Kb, free=232012Kb
 total_blobs=5512, nmethods=4856, adapters=562, full_count=0
Compilation: enabled, stopped_count=0, restarted_count=0

Compilation events (20 events):
Event: 9.729 Thread 0x0000027de06f3f80 5373       3       com.google.inject.spi.BindingSourceRestriction$2::visitOther (6 bytes)
Event: 9.729 Thread 0x0000027de06f3f80 nmethod 5373 0x0000027de42fd990 code [0x0000027de42fdb80, 0x0000027de42fe210]
Event: 9.729 Thread 0x0000027de06f3f80 5374       3       com.google.inject.spi.BindingSourceRestriction$2::visitOther (23 bytes)
Event: 9.730 Thread 0x0000027de06f3f80 nmethod 5374 0x0000027de42fe490 code [0x0000027de42fe680, 0x0000027de42fecb8]
Event: 9.730 Thread 0x0000027de06f3f80 5375       3       com.google.inject.spi.BindingSourceRestriction::access$200 (5 bytes)
Event: 9.730 Thread 0x0000027de06f3f80 nmethod 5375 0x0000027de42fef10 code [0x0000027de42ff0e0, 0x0000027de42ff3b8]
Event: 9.730 Thread 0x0000027de06f3f80 5377       3       com.google.inject.internal.AbstractProcessor::visitOther (6 bytes)
Event: 9.731 Thread 0x0000027de06ecd90 nmethod 5353 0x0000027deb696810 code [0x0000027deb6969a0, 0x0000027deb696cb8]
Event: 9.731 Thread 0x0000027de06f3f80 nmethod 5377 0x0000027de42ff590 code [0x0000027de42ff740, 0x0000027de42ff998]
Event: 9.731 Thread 0x0000027de06f3f80 5378       3       com.google.inject.internal.AbstractProcessor$$Lambda/0x0000027d814fdda0::test (16 bytes)
Event: 9.731 Thread 0x0000027de06f3f80 nmethod 5378 0x0000027de42ffa90 code [0x0000027de42ffca0, 0x0000027de4300470]
Event: 9.732 Thread 0x0000027de06f3f80 5379       3       com.google.inject.internal.AbstractProcessor::lambda$process$0 (28 bytes)
Event: 9.732 Thread 0x0000027de06f3f80 nmethod 5379 0x0000027de4300710 code [0x0000027de4300900, 0x0000027de4300f48]
Event: 9.732 Thread 0x0000027de06f3f80 5380       3       com.google.inject.internal.Errors::withSource (29 bytes)
Event: 9.733 Thread 0x0000027de06f3f80 nmethod 5380 0x0000027de4301190 code [0x0000027de4301340, 0x0000027de4301638]
Event: 9.733 Thread 0x0000027de06f3f80 5381       3       com.google.inject.internal.Errors::<init> (23 bytes)
Event: 9.733 Thread 0x0000027de06f3f80 nmethod 5381 0x0000027de4301710 code [0x0000027de43018c0, 0x0000027de4301a78]
Event: 9.733 Thread 0x0000027de06f3f80 5382       3       com.google.inject.internal.AbstractProcessor::visitOther (5 bytes)
Event: 9.733 Thread 0x0000027de06f3f80 nmethod 5382 0x0000027de4301b90 code [0x0000027de4301d40, 0x0000027de4301ec0]
Event: 10.444 Thread 0x0000027de06f3f80 5383       3       java.util.concurrent.ConcurrentLinkedQueue::poll (84 bytes)

GC Heap History (20 events):
Event: 6.433 GC heap before
{Heap before GC invocations=9 (full 1):
 PSYoungGen      total 29184K, used 24576K [0x00000000d5580000, 0x00000000d7680000, 0x0000000100000000)
  eden space 24576K, 100% used [0x00000000d5580000,0x00000000d6d80000,0x00000000d6d80000)
  from space 4608K, 0% used [0x00000000d6d80000,0x00000000d6d80000,0x00000000d7200000)
  to   space 4608K, 0% used [0x00000000d7200000,0x00000000d7200000,0x00000000d7680000)
 ParOldGen       total 68608K, used 13086K [0x0000000080000000, 0x0000000084300000, 0x00000000d5580000)
  object space 68608K, 19% used [0x0000000080000000,0x0000000080cc7a98,0x0000000084300000)
 Metaspace       used 23262K, committed 24064K, reserved 1114112K
  class space    used 2365K, committed 2752K, reserved 1048576K
}
Event: 6.435 GC heap after
{Heap after GC invocations=9 (full 1):
 PSYoungGen      total 25088K, used 839K [0x00000000d5580000, 0x00000000d7300000, 0x0000000100000000)
  eden space 24064K, 0% used [0x00000000d5580000,0x00000000d5580000,0x00000000d6d00000)
  from space 1024K, 81% used [0x00000000d7200000,0x00000000d72d1e68,0x00000000d7300000)
  to   space 2560K, 0% used [0x00000000d6e00000,0x00000000d6e00000,0x00000000d7080000)
 ParOldGen       total 68608K, used 13086K [0x0000000080000000, 0x0000000084300000, 0x00000000d5580000)
  object space 68608K, 19% used [0x0000000080000000,0x0000000080cc7a98,0x0000000084300000)
 Metaspace       used 23262K, committed 24064K, reserved 1114112K
  class space    used 2365K, committed 2752K, reserved 1048576K
}
Event: 6.672 GC heap before
{Heap before GC invocations=10 (full 1):
 PSYoungGen      total 25088K, used 24903K [0x00000000d5580000, 0x00000000d7300000, 0x0000000100000000)
  eden space 24064K, 100% used [0x00000000d5580000,0x00000000d6d00000,0x00000000d6d00000)
  from space 1024K, 81% used [0x00000000d7200000,0x00000000d72d1e68,0x00000000d7300000)
  to   space 2560K, 0% used [0x00000000d6e00000,0x00000000d6e00000,0x00000000d7080000)
 ParOldGen       total 68608K, used 13086K [0x0000000080000000, 0x0000000084300000, 0x00000000d5580000)
  object space 68608K, 19% used [0x0000000080000000,0x0000000080cc7a98,0x0000000084300000)
 Metaspace       used 26418K, committed 27200K, reserved 1114112K
  class space    used 2613K, committed 2944K, reserved 1048576K
}
Event: 6.674 GC heap after
{Heap after GC invocations=10 (full 1):
 PSYoungGen      total 26112K, used 2497K [0x00000000d5580000, 0x00000000d7280000, 0x0000000100000000)
  eden space 23552K, 0% used [0x00000000d5580000,0x00000000d5580000,0x00000000d6c80000)
  from space 2560K, 97% used [0x00000000d6e00000,0x00000000d70705e8,0x00000000d7080000)
  to   space 2048K, 0% used [0x00000000d7080000,0x00000000d7080000,0x00000000d7280000)
 ParOldGen       total 68608K, used 13094K [0x0000000080000000, 0x0000000084300000, 0x00000000d5580000)
  object space 68608K, 19% used [0x0000000080000000,0x0000000080cc9a98,0x0000000084300000)
 Metaspace       used 26418K, committed 27200K, reserved 1114112K
  class space    used 2613K, committed 2944K, reserved 1048576K
}
Event: 7.093 GC heap before
{Heap before GC invocations=11 (full 1):
 PSYoungGen      total 26112K, used 26049K [0x00000000d5580000, 0x00000000d7280000, 0x0000000100000000)
  eden space 23552K, 100% used [0x00000000d5580000,0x00000000d6c80000,0x00000000d6c80000)
  from space 2560K, 97% used [0x00000000d6e00000,0x00000000d70705e8,0x00000000d7080000)
  to   space 2048K, 0% used [0x00000000d7080000,0x00000000d7080000,0x00000000d7280000)
 ParOldGen       total 68608K, used 13094K [0x0000000080000000, 0x0000000084300000, 0x00000000d5580000)
  object space 68608K, 19% used [0x0000000080000000,0x0000000080cc9a98,0x0000000084300000)
 Metaspace       used 28486K, committed 29440K, reserved 1114112K
  class space    used 2795K, committed 3200K, reserved 1048576K
}
Event: 7.095 GC heap after
{Heap after GC invocations=11 (full 1):
 PSYoungGen      total 25088K, used 2030K [0x00000000d5580000, 0x00000000d7400000, 0x0000000100000000)
  eden space 23040K, 0% used [0x00000000d5580000,0x00000000d5580000,0x00000000d6c00000)
  from space 2048K, 99% used [0x00000000d7080000,0x00000000d727b9c8,0x00000000d7280000)
  to   space 4096K, 0% used [0x00000000d6c00000,0x00000000d6c00000,0x00000000d7000000)
 ParOldGen       total 68608K, used 14492K [0x0000000080000000, 0x0000000084300000, 0x00000000d5580000)
  object space 68608K, 21% used [0x0000000080000000,0x0000000080e272b0,0x0000000084300000)
 Metaspace       used 28486K, committed 29440K, reserved 1114112K
  class space    used 2795K, committed 3200K, reserved 1048576K
}
Event: 7.518 GC heap before
{Heap before GC invocations=12 (full 1):
 PSYoungGen      total 25088K, used 25070K [0x00000000d5580000, 0x00000000d7400000, 0x0000000100000000)
  eden space 23040K, 100% used [0x00000000d5580000,0x00000000d6c00000,0x00000000d6c00000)
  from space 2048K, 99% used [0x00000000d7080000,0x00000000d727b9c8,0x00000000d7280000)
  to   space 4096K, 0% used [0x00000000d6c00000,0x00000000d6c00000,0x00000000d7000000)
 ParOldGen       total 68608K, used 14492K [0x0000000080000000, 0x0000000084300000, 0x00000000d5580000)
  object space 68608K, 21% used [0x0000000080000000,0x0000000080e272b0,0x0000000084300000)
 Metaspace       used 31533K, committed 32576K, reserved 1114112K
  class space    used 3193K, committed 3648K, reserved 1048576K
}
Event: 7.523 GC heap after
{Heap after GC invocations=12 (full 1):
 PSYoungGen      total 24064K, used 1444K [0x00000000d5580000, 0x00000000d7100000, 0x0000000100000000)
  eden space 22528K, 0% used [0x00000000d5580000,0x00000000d5580000,0x00000000d6b80000)
  from space 1536K, 94% used [0x00000000d6c00000,0x00000000d6d69100,0x00000000d6d80000)
  to   space 2560K, 0% used [0x00000000d6e80000,0x00000000d6e80000,0x00000000d7100000)
 ParOldGen       total 68608K, used 16495K [0x0000000080000000, 0x0000000084300000, 0x00000000d5580000)
  object space 68608K, 24% used [0x0000000080000000,0x000000008101be68,0x0000000084300000)
 Metaspace       used 31533K, committed 32576K, reserved 1114112K
  class space    used 3193K, committed 3648K, reserved 1048576K
}
Event: 7.799 GC heap before
{Heap before GC invocations=13 (full 1):
 PSYoungGen      total 24064K, used 23972K [0x00000000d5580000, 0x00000000d7100000, 0x0000000100000000)
  eden space 22528K, 100% used [0x00000000d5580000,0x00000000d6b80000,0x00000000d6b80000)
  from space 1536K, 94% used [0x00000000d6c00000,0x00000000d6d69100,0x00000000d6d80000)
  to   space 2560K, 0% used [0x00000000d6e80000,0x00000000d6e80000,0x00000000d7100000)
 ParOldGen       total 68608K, used 16495K [0x0000000080000000, 0x0000000084300000, 0x00000000d5580000)
  object space 68608K, 24% used [0x0000000080000000,0x000000008101be68,0x0000000084300000)
 Metaspace       used 34454K, committed 35520K, reserved 1114112K
  class space    used 3577K, committed 4032K, reserved 1048576K
}
Event: 7.802 GC heap after
{Heap after GC invocations=13 (full 1):
 PSYoungGen      total 24064K, used 1984K [0x00000000d5580000, 0x00000000d7080000, 0x0000000100000000)
  eden space 22016K, 0% used [0x00000000d5580000,0x00000000d5580000,0x00000000d6b00000)
  from space 2048K, 96% used [0x00000000d6e80000,0x00000000d7070000,0x00000000d7080000)
  to   space 2560K, 0% used [0x00000000d6b80000,0x00000000d6b80000,0x00000000d6e00000)
 ParOldGen       total 68608K, used 17790K [0x0000000080000000, 0x0000000084300000, 0x00000000d5580000)
  object space 68608K, 25% used [0x0000000080000000,0x000000008115f838,0x0000000084300000)
 Metaspace       used 34454K, committed 35520K, reserved 1114112K
  class space    used 3577K, committed 4032K, reserved 1048576K
}
Event: 7.843 GC heap before
{Heap before GC invocations=14 (full 1):
 PSYoungGen      total 24064K, used 4505K [0x00000000d5580000, 0x00000000d7080000, 0x0000000100000000)
  eden space 22016K, 11% used [0x00000000d5580000,0x00000000d57f6400,0x00000000d6b00000)
  from space 2048K, 96% used [0x00000000d6e80000,0x00000000d7070000,0x00000000d7080000)
  to   space 2560K, 0% used [0x00000000d6b80000,0x00000000d6b80000,0x00000000d6e00000)
 ParOldGen       total 68608K, used 17790K [0x0000000080000000, 0x0000000084300000, 0x00000000d5580000)
  object space 68608K, 25% used [0x0000000080000000,0x000000008115f838,0x0000000084300000)
 Metaspace       used 34757K, committed 35840K, reserved 1114112K
  class space    used 3615K, committed 4096K, reserved 1048576K
}
Event: 7.845 GC heap after
{Heap after GC invocations=14 (full 1):
 PSYoungGen      total 24576K, used 288K [0x00000000d5580000, 0x00000000d6f00000, 0x0000000100000000)
  eden space 22016K, 0% used [0x00000000d5580000,0x00000000d5580000,0x00000000d6b00000)
  from space 2560K, 11% used [0x00000000d6b80000,0x00000000d6bc8000,0x00000000d6e00000)
  to   space 1024K, 0% used [0x00000000d6e00000,0x00000000d6e00000,0x00000000d6f00000)
 ParOldGen       total 68608K, used 19606K [0x0000000080000000, 0x0000000084300000, 0x00000000d5580000)
  object space 68608K, 28% used [0x0000000080000000,0x0000000081325838,0x0000000084300000)
 Metaspace       used 34757K, committed 35840K, reserved 1114112K
  class space    used 3615K, committed 4096K, reserved 1048576K
}
Event: 7.845 GC heap before
{Heap before GC invocations=15 (full 2):
 PSYoungGen      total 24576K, used 288K [0x00000000d5580000, 0x00000000d6f00000, 0x0000000100000000)
  eden space 22016K, 0% used [0x00000000d5580000,0x00000000d5580000,0x00000000d6b00000)
  from space 2560K, 11% used [0x00000000d6b80000,0x00000000d6bc8000,0x00000000d6e00000)
  to   space 1024K, 0% used [0x00000000d6e00000,0x00000000d6e00000,0x00000000d6f00000)
 ParOldGen       total 68608K, used 19606K [0x0000000080000000, 0x0000000084300000, 0x00000000d5580000)
  object space 68608K, 28% used [0x0000000080000000,0x0000000081325838,0x0000000084300000)
 Metaspace       used 34757K, committed 35840K, reserved 1114112K
  class space    used 3615K, committed 4096K, reserved 1048576K
}
Event: 7.891 GC heap after
{Heap after GC invocations=15 (full 2):
 PSYoungGen      total 24576K, used 0K [0x00000000d5580000, 0x00000000d6f00000, 0x0000000100000000)
  eden space 22016K, 0% used [0x00000000d5580000,0x00000000d5580000,0x00000000d6b00000)
  from space 2560K, 0% used [0x00000000d6b80000,0x00000000d6b80000,0x00000000d6e00000)
  to   space 1024K, 0% used [0x00000000d6e00000,0x00000000d6e00000,0x00000000d6f00000)
 ParOldGen       total 68608K, used 18923K [0x0000000080000000, 0x0000000084300000, 0x00000000d5580000)
  object space 68608K, 27% used [0x0000000080000000,0x000000008127af58,0x0000000084300000)
 Metaspace       used 34736K, committed 35840K, reserved 1114112K
  class space    used 3609K, committed 4096K, reserved 1048576K
}
Event: 8.225 GC heap before
{Heap before GC invocations=16 (full 2):
 PSYoungGen      total 24576K, used 22004K [0x00000000d5580000, 0x00000000d6f00000, 0x0000000100000000)
  eden space 22016K, 99% used [0x00000000d5580000,0x00000000d6afd0b0,0x00000000d6b00000)
  from space 2560K, 0% used [0x00000000d6b80000,0x00000000d6b80000,0x00000000d6e00000)
  to   space 1024K, 0% used [0x00000000d6e00000,0x00000000d6e00000,0x00000000d6f00000)
 ParOldGen       total 68608K, used 18923K [0x0000000080000000, 0x0000000084300000, 0x00000000d5580000)
  object space 68608K, 27% used [0x0000000080000000,0x000000008127af58,0x0000000084300000)
 Metaspace       used 36434K, committed 37504K, reserved 1114112K
  class space    used 3847K, committed 4288K, reserved 1048576K
}
Event: 8.228 GC heap after
{Heap after GC invocations=16 (full 2):
 PSYoungGen      total 23040K, used 992K [0x00000000d5580000, 0x00000000d6f00000, 0x0000000100000000)
  eden space 22016K, 0% used [0x00000000d5580000,0x00000000d5580000,0x00000000d6b00000)
  from space 1024K, 96% used [0x00000000d6e00000,0x00000000d6ef8000,0x00000000d6f00000)
  to   space 1536K, 0% used [0x00000000d6c00000,0x00000000d6c00000,0x00000000d6d80000)
 ParOldGen       total 68608K, used 18931K [0x0000000080000000, 0x0000000084300000, 0x00000000d5580000)
  object space 68608K, 27% used [0x0000000080000000,0x000000008127cf58,0x0000000084300000)
 Metaspace       used 36434K, committed 37504K, reserved 1114112K
  class space    used 3847K, committed 4288K, reserved 1048576K
}
Event: 8.641 GC heap before
{Heap before GC invocations=17 (full 2):
 PSYoungGen      total 23040K, used 23008K [0x00000000d5580000, 0x00000000d6f00000, 0x0000000100000000)
  eden space 22016K, 100% used [0x00000000d5580000,0x00000000d6b00000,0x00000000d6b00000)
  from space 1024K, 96% used [0x00000000d6e00000,0x00000000d6ef8000,0x00000000d6f00000)
  to   space 1536K, 0% used [0x00000000d6c00000,0x00000000d6c00000,0x00000000d6d80000)
 ParOldGen       total 68608K, used 18931K [0x0000000080000000, 0x0000000084300000, 0x00000000d5580000)
  object space 68608K, 27% used [0x0000000080000000,0x000000008127cf58,0x0000000084300000)
 Metaspace       used 37922K, committed 38976K, reserved 1114112K
  class space    used 4019K, committed 4480K, reserved 1048576K
}
Event: 8.643 GC heap after
{Heap after GC invocations=17 (full 2):
 PSYoungGen      total 23552K, used 896K [0x00000000d5580000, 0x00000000d6e80000, 0x0000000100000000)
  eden space 22016K, 0% used [0x00000000d5580000,0x00000000d5580000,0x00000000d6b00000)
  from space 1536K, 58% used [0x00000000d6c00000,0x00000000d6ce0000,0x00000000d6d80000)
  to   space 1024K, 0% used [0x00000000d6d80000,0x00000000d6d80000,0x00000000d6e80000)
 ParOldGen       total 68608K, used 19683K [0x0000000080000000, 0x0000000084300000, 0x00000000d5580000)
  object space 68608K, 28% used [0x0000000080000000,0x0000000081338f68,0x0000000084300000)
 Metaspace       used 37922K, committed 38976K, reserved 1114112K
  class space    used 4019K, committed 4480K, reserved 1048576K
}
Event: 9.295 GC heap before
{Heap before GC invocations=18 (full 2):
 PSYoungGen      total 23552K, used 22912K [0x00000000d5580000, 0x00000000d6e80000, 0x0000000100000000)
  eden space 22016K, 100% used [0x00000000d5580000,0x00000000d6b00000,0x00000000d6b00000)
  from space 1536K, 58% used [0x00000000d6c00000,0x00000000d6ce0000,0x00000000d6d80000)
  to   space 1024K, 0% used [0x00000000d6d80000,0x00000000d6d80000,0x00000000d6e80000)
 ParOldGen       total 68608K, used 19683K [0x0000000080000000, 0x0000000084300000, 0x00000000d5580000)
  object space 68608K, 28% used [0x0000000080000000,0x0000000081338f68,0x0000000084300000)
 Metaspace       used 40248K, committed 41472K, reserved 1114112K
  class space    used 4320K, committed 4864K, reserved 1048576K
}
Event: 9.297 GC heap after
{Heap after GC invocations=18 (full 2):
 PSYoungGen      total 23040K, used 928K [0x00000000d5580000, 0x00000000d6e80000, 0x0000000100000000)
  eden space 22016K, 0% used [0x00000000d5580000,0x00000000d5580000,0x00000000d6b00000)
  from space 1024K, 90% used [0x00000000d6d80000,0x00000000d6e68000,0x00000000d6e80000)
  to   space 1024K, 0% used [0x00000000d6c80000,0x00000000d6c80000,0x00000000d6d80000)
 ParOldGen       total 68608K, used 20355K [0x0000000080000000, 0x0000000084300000, 0x00000000d5580000)
  object space 68608K, 29% used [0x0000000080000000,0x00000000813e0f68,0x0000000084300000)
 Metaspace       used 40248K, committed 41472K, reserved 1114112K
  class space    used 4320K, committed 4864K, reserved 1048576K
}

Dll operation events (10 events):
Event: 0.013 Loaded shared library c:\Users\padma\.vscode\extensions\redhat.java-1.55.0-win32-x64\jre\21.0.11-win32-x86_64\bin\java.dll
Event: 0.083 Loaded shared library c:\Users\padma\.vscode\extensions\redhat.java-1.55.0-win32-x64\jre\21.0.11-win32-x86_64\bin\zip.dll
Event: 0.114 Loaded shared library C:\Users\padma\.vscode\extensions\redhat.java-1.55.0-win32-x64\jre\21.0.11-win32-x86_64\bin\instrument.dll
Event: 0.122 Loaded shared library C:\Users\padma\.vscode\extensions\redhat.java-1.55.0-win32-x64\jre\21.0.11-win32-x86_64\bin\net.dll
Event: 0.125 Loaded shared library C:\Users\padma\.vscode\extensions\redhat.java-1.55.0-win32-x64\jre\21.0.11-win32-x86_64\bin\nio.dll
Event: 0.130 Loaded shared library C:\Users\padma\.vscode\extensions\redhat.java-1.55.0-win32-x64\jre\21.0.11-win32-x86_64\bin\zip.dll
Event: 0.152 Loaded shared library C:\Users\padma\.vscode\extensions\redhat.java-1.55.0-win32-x64\jre\21.0.11-win32-x86_64\bin\jimage.dll
Event: 0.303 Loaded shared library c:\Users\padma\.vscode\extensions\redhat.java-1.55.0-win32-x64\jre\21.0.11-win32-x86_64\bin\verify.dll
Event: 1.845 Loaded shared library C:\Users\padma\AppData\Roaming\Code\User\globalStorage\redhat.java\1.55.0\config_win\org.eclipse.equinox.launcher\org.eclipse.equinox.launcher.win32.win32.x86_64_1.3.100.v20260613-0559\eclipse_11924.dll
Event: 5.540 Loaded shared library C:\Users\padma\AppData\Local\Temp\jna-106423655\jna1216014832337921777.dll

Deoptimization events (20 events):
Event: 9.678 Thread 0x0000027dfdfac8a0 Uncommon trap: trap_request=0xffffffde fr.pc=0x0000027deb605be4 relative=0x0000000000000644
Event: 9.678 Thread 0x0000027dfdfac8a0 Uncommon trap: reason=class_check action=maybe_recompile pc=0x0000027deb605be4 method=java.util.TreeMap.put(Ljava/lang/Object;Ljava/lang/Object;Z)Ljava/lang/Object; @ 118 c2
Event: 9.678 Thread 0x0000027dfdfac8a0 DEOPT PACKING pc=0x0000027deb605be4 sp=0x000000dde77fdd40
Event: 9.678 Thread 0x0000027dfdfac8a0 DEOPT UNPACKING pc=0x0000027deaee6da2 sp=0x000000dde77fdcd0 mode 2
Event: 9.678 Thread 0x0000027dfdfac8a0 Uncommon trap: trap_request=0xffffffde fr.pc=0x0000027deb605be4 relative=0x0000000000000644
Event: 9.678 Thread 0x0000027dfdfac8a0 Uncommon trap: reason=class_check action=maybe_recompile pc=0x0000027deb605be4 method=java.util.TreeMap.put(Ljava/lang/Object;Ljava/lang/Object;Z)Ljava/lang/Object; @ 118 c2
Event: 9.678 Thread 0x0000027dfdfac8a0 DEOPT PACKING pc=0x0000027deb605be4 sp=0x000000dde77fdd40
Event: 9.678 Thread 0x0000027dfdfac8a0 DEOPT UNPACKING pc=0x0000027deaee6da2 sp=0x000000dde77fdcd0 mode 2
Event: 9.678 Thread 0x0000027dfdfac8a0 Uncommon trap: trap_request=0xffffffde fr.pc=0x0000027deb605be4 relative=0x0000000000000644
Event: 9.678 Thread 0x0000027dfdfac8a0 Uncommon trap: reason=class_check action=maybe_recompile pc=0x0000027deb605be4 method=java.util.TreeMap.put(Ljava/lang/Object;Ljava/lang/Object;Z)Ljava/lang/Object; @ 118 c2
Event: 9.678 Thread 0x0000027dfdfac8a0 DEOPT PACKING pc=0x0000027deb605be4 sp=0x000000dde77fdd40
Event: 9.678 Thread 0x0000027dfdfac8a0 DEOPT UNPACKING pc=0x0000027deaee6da2 sp=0x000000dde77fdcd0 mode 2
Event: 9.702 Thread 0x0000027dfdfac8a0 Uncommon trap: trap_request=0xffffff45 fr.pc=0x0000027deb56bf04 relative=0x00000000000002a4
Event: 9.702 Thread 0x0000027dfdfac8a0 Uncommon trap: reason=unstable_if action=reinterpret pc=0x0000027deb56bf04 method=java.lang.ClassLoader.checkName(Ljava/lang/String;)Z @ 1 c2
Event: 9.702 Thread 0x0000027dfdfac8a0 DEOPT PACKING pc=0x0000027deb56bf04 sp=0x000000dde77fdb20
Event: 9.702 Thread 0x0000027dfdfac8a0 DEOPT UNPACKING pc=0x0000027deaee6da2 sp=0x000000dde77fdab8 mode 2
Event: 9.702 Thread 0x0000027dfdfac8a0 Uncommon trap: trap_request=0xffffff45 fr.pc=0x0000027deb4e1850 relative=0x0000000000000f90
Event: 9.702 Thread 0x0000027dfdfac8a0 Uncommon trap: reason=unstable_if action=reinterpret pc=0x0000027deb4e1850 method=lombok.patcher.ScriptManager$OurClassFileTransformer.transform(Ljava/lang/ClassLoader;Ljava/lang/String;Ljava/lang/Class;Ljava/security/ProtectionDomain;[B)[B @ 1 c2
Event: 9.702 Thread 0x0000027dfdfac8a0 DEOPT PACKING pc=0x0000027deb4e1850 sp=0x000000dde77fc6b0
Event: 9.702 Thread 0x0000027dfdfac8a0 DEOPT UNPACKING pc=0x0000027deaee6da2 sp=0x000000dde77fc630 mode 2

Classes loaded (20 events):
Event: 8.192 Loading class sun/reflect/generics/repository/FieldRepository
Event: 8.193 Loading class sun/reflect/generics/repository/FieldRepository done
Event: 8.752 Loading class sun/reflect/annotation/AnnotatedTypeFactory$AnnotatedParameterizedTypeImpl
Event: 8.753 Loading class java/lang/reflect/AnnotatedParameterizedType
Event: 8.753 Loading class java/lang/reflect/AnnotatedParameterizedType done
Event: 8.753 Loading class sun/reflect/annotation/AnnotatedTypeFactory$AnnotatedParameterizedTypeImpl done
Event: 9.115 Loading class sun/reflect/generics/scope/ConstructorScope
Event: 9.115 Loading class sun/reflect/generics/scope/ConstructorScope done
Event: 9.115 Loading class sun/reflect/generics/tree/VoidDescriptor
Event: 9.115 Loading class sun/reflect/generics/tree/VoidDescriptor done
Event: 9.167 Loading class java/util/concurrent/CompletionService
Event: 9.167 Loading class java/util/concurrent/CompletionService done
Event: 9.300 Loading class java/nio/channels/ServerSocketChannel
Event: 9.301 Loading class java/nio/channels/ServerSocketChannel done
Event: 9.665 Loading class java/lang/ExceptionInInitializerError
Event: 9.665 Loading class java/lang/ExceptionInInitializerError done
Event: 9.666 Loading class sun/misc/Unsafe
Event: 9.666 Loading class sun/misc/Unsafe done
Event: 9.699 Loading class jdk/internal/org/objectweb/asm/ClassReader
Event: 9.700 Loading class jdk/internal/org/objectweb/asm/ClassReader done

Classes unloaded (19 events):
Event: 6.189 Thread 0x0000027de06b2880 Unloading class 0x0000027d811a3400 'java/lang/invoke/LambdaForm$MH+0x0000027d811a3400'
Event: 6.189 Thread 0x0000027de06b2880 Unloading class 0x0000027d811a3000 'java/lang/invoke/LambdaForm$MH+0x0000027d811a3000'
Event: 6.189 Thread 0x0000027de06b2880 Unloading class 0x0000027d811a2c00 'java/lang/invoke/LambdaForm$MH+0x0000027d811a2c00'
Event: 6.189 Thread 0x0000027de06b2880 Unloading class 0x0000027d811a2800 'java/lang/invoke/LambdaForm$MH+0x0000027d811a2800'
Event: 6.189 Thread 0x0000027de06b2880 Unloading class 0x0000027d811a2400 'java/lang/invoke/LambdaForm$BMH+0x0000027d811a2400'
Event: 6.189 Thread 0x0000027de06b2880 Unloading class 0x0000027d811a2000 'java/lang/invoke/LambdaForm$DMH+0x0000027d811a2000'
Event: 6.189 Thread 0x0000027de06b2880 Unloading class 0x0000027d811a0c00 'java/lang/invoke/LambdaForm$DMH+0x0000027d811a0c00'
Event: 7.852 Thread 0x0000027de06b2880 Unloading class 0x0000027d81339000 'java/lang/invoke/LambdaForm$MH+0x0000027d81339000'
Event: 7.852 Thread 0x0000027de06b2880 Unloading class 0x0000027d81338000 'java/lang/invoke/LambdaForm$MH+0x0000027d81338000'
Event: 7.852 Thread 0x0000027de06b2880 Unloading class 0x0000027d81337c00 'java/lang/invoke/LambdaForm$MH+0x0000027d81337c00'
Event: 7.852 Thread 0x0000027de06b2880 Unloading class 0x0000027d81337800 'java/lang/invoke/LambdaForm$MH+0x0000027d81337800'
Event: 7.852 Thread 0x0000027de06b2880 Unloading class 0x0000027d81337000 'java/lang/invoke/LambdaForm$DMH+0x0000027d81337000'
Event: 7.852 Thread 0x0000027de06b2880 Unloading class 0x0000027d81336400 'java/lang/invoke/LambdaForm$MH+0x0000027d81336400'
Event: 7.852 Thread 0x0000027de06b2880 Unloading class 0x0000027d81333000 'java/lang/invoke/LambdaForm$MH+0x0000027d81333000'
Event: 7.852 Thread 0x0000027de06b2880 Unloading class 0x0000027d81332000 'java/lang/invoke/LambdaForm$MH+0x0000027d81332000'
Event: 7.852 Thread 0x0000027de06b2880 Unloading class 0x0000027d81331800 'java/lang/invoke/LambdaForm$MH+0x0000027d81331800'
Event: 7.852 Thread 0x0000027de06b2880 Unloading class 0x0000027d81331000 'java/lang/invoke/LambdaForm$MH+0x0000027d81331000'
Event: 7.852 Thread 0x0000027de06b2880 Unloading class 0x0000027d81330800 'java/lang/invoke/LambdaForm$MH+0x0000027d81330800'
Event: 7.852 Thread 0x0000027de06b2880 Unloading class 0x0000027d81330000 'java/lang/invoke/LambdaForm$MH+0x0000027d81330000'

Classes redefined (0 events):
No events

Internal exceptions (20 events):
Event: 7.304 Thread 0x0000027dfdb32660 Exception <a 'java/io/FileNotFoundException'{0x00000000d5c338f8}> (0x00000000d5c338f8) 
thrown [s\src\hotspot\share\prims\jni.cpp, line 520]
Event: 7.337 Thread 0x0000027dfdfac8a0 Exception <a 'java/lang/NoSuchMethodError'{0x00000000d5e9f720}: 'java.lang.Object java.lang.invoke.DirectMethodHandle$Holder.invokeSpecialIFC(java.lang.Object, java.lang.Object, java.lang.Object, java.lang.Object)'> (0x00000000d5e9f720) 
thrown [s\src\hotspot\share\interpreter\linkResolver.cpp, line 773]
Event: 7.344 Thread 0x0000027dfdb32660 Exception <a 'java/lang/UnsatisfiedLinkError'{0x00000000d5ebab40}: The specified procedure could not be found.
> (0x00000000d5ebab40) 
thrown [s\src\hotspot\share\prims\jni.cpp, line 539]
Event: 7.350 Thread 0x0000027dfdb32660 Exception <a 'java/io/FileNotFoundException'{0x00000000d5ed29d0}> (0x00000000d5ed29d0) 
thrown [s\src\hotspot\share\prims\jni.cpp, line 520]
Event: 7.363 Thread 0x0000027dfdb32660 Exception <a 'java/io/FileNotFoundException'{0x00000000d6016f98}> (0x00000000d6016f98) 
thrown [s\src\hotspot\share\prims\jni.cpp, line 520]
Event: 7.375 Thread 0x0000027dfdb32660 Exception <a 'java/lang/UnsatisfiedLinkError'{0x00000000d60fde38}: The specified procedure could not be found.
> (0x00000000d60fde38) 
thrown [s\src\hotspot\share\prims\jni.cpp, line 539]
Event: 7.515 Thread 0x0000027dfdfad5c0 Exception <a 'java/lang/NoSuchMethodError'{0x00000000d6b6c4f0}: 'void java.lang.invoke.DirectMethodHandle$Holder.invokeStaticInit(java.lang.Object, java.lang.Object, java.lang.Object, java.lang.Object)'> (0x00000000d6b6c4f0) 
thrown [s\src\hotspot\share\interpreter\linkResolver.cpp, line 773]
Event: 7.599 Thread 0x0000027de075f8f0 Exception <a 'java/lang/NoSuchMethodError'{0x00000000d5e246e0}: 'java.lang.Object java.lang.invoke.DirectMethodHandle$Holder.invokeStatic(java.lang.Object, long, java.lang.Object)'> (0x00000000d5e246e0) 
thrown [s\src\hotspot\share\interpreter\linkResolver.cpp, line 773]
Event: 7.600 Thread 0x0000027de075f8f0 Exception <a 'java/lang/NoSuchMethodError'{0x00000000d5e43ae0}: 'java.lang.Object java.lang.invoke.DirectMethodHandle$Holder.invokeStaticInit(java.lang.Object, long, java.lang.Object)'> (0x00000000d5e43ae0) 
thrown [s\src\hotspot\share\interpreter\linkResolver.cpp, line 773]
Event: 7.602 Thread 0x0000027de075f8f0 Exception <a 'java/lang/NoSuchMethodError'{0x00000000d5e49270}: 'java.lang.Object java.lang.invoke.DirectMethodHandle$Holder.newInvokeSpecial(java.lang.Object, long)'> (0x00000000d5e49270) 
thrown [s\src\hotspot\share\interpreter\linkResolver.cpp, line 773]
Event: 8.011 Thread 0x0000027dfdfac8a0 Exception <a 'java/lang/NoClassDefFoundError'{0x00000000d5bf3c58}: javax/enterprise/inject/Typed> (0x00000000d5bf3c58) 
thrown [s\src\hotspot\share\classfile\systemDictionary.cpp, line 302]
Event: 8.048 Thread 0x0000027de075f8f0 Exception <a 'java/lang/NoSuchMethodError'{0x00000000d5e2ca40}: 'void java.lang.invoke.DirectMethodHandle$Holder.invokeSpecial(java.lang.Object, java.lang.Object, java.lang.Object, java.lang.Object, java.lang.Object, java.lang.Object)'> (0x00000000d5e2ca40) 
thrown [s\src\hotspot\share\interpreter\linkResolver.cpp, line 773]
Event: 8.050 Thread 0x0000027de075f8f0 Exception <a 'java/lang/IncompatibleClassChangeError'{0x00000000d5e34b20}: Found class java.lang.Object, but interface was expected> (0x00000000d5e34b20) 
thrown [s\src\hotspot\share\interpreter\linkResolver.cpp, line 840]
Event: 8.051 Thread 0x0000027de075f8f0 Exception <a 'java/lang/IncompatibleClassChangeError'{0x00000000d5e35c98}: Found class java.lang.Object, but interface was expected> (0x00000000d5e35c98) 
thrown [s\src\hotspot\share\interpreter\linkResolver.cpp, line 840]
Event: 9.659 Thread 0x0000027dfdfac8a0 Exception <a 'java/lang/NoSuchMethodError'{0x00000000d5e2e068}: 'void java.lang.invoke.DirectMethodHandle$Holder.invokeStaticInit(java.lang.Object, java.lang.Object, java.lang.Object)'> (0x00000000d5e2e068) 
thrown [s\src\hotspot\share\interpreter\linkResolver.cpp, line 773]
Event: 9.668 Thread 0x0000027dfdfac8a0 Exception <a 'java/lang/ExceptionInInitializerError'{0x00000000d5e6f930}> (0x00000000d5e6f930) 
thrown [s\src\hotspot\share\oops\instanceKlass.cpp, line 1218]
Event: 9.694 Thread 0x0000027dfdfac8a0 Exception <a 'java/lang/NoSuchMethodError'{0x00000000d5eeb508}: 'long java.lang.invoke.DirectMethodHandle$Holder.invokeStatic(java.lang.Object, java.lang.Object, int)'> (0x00000000d5eeb508) 
thrown [s\src\hotspot\share\interpreter\linkResolver.cpp, line 773]
Event: 9.702 Thread 0x0000027dfdfac8a0 Implicit null exception at 0x0000027deb56bc7e to 0x0000027deb56bef0
Event: 9.702 Thread 0x0000027dfdfac8a0 Implicit null exception at 0x0000027deb4e091c to 0x0000027deb4e1840
Event: 9.707 Thread 0x0000027dfdfac8a0 Exception <a 'java/lang/NoSuchMethodError'{0x00000000d5f2b3a0}: 'java.lang.Object java.lang.invoke.Invokers$Holder.invokeExact_MT(java.lang.Object, int, java.lang.Object)'> (0x00000000d5f2b3a0) 
thrown [s\src\hotspot\share\interpreter\linkResolver.cpp, line 773]

ZGC Phase Switch (0 events):
No events

VM Operations (20 events):
Event: 7.517 Executing safepoint VM operation: ParallelGCFailedAllocation (Allocation Failure)
Event: 7.523 Executing safepoint VM operation: ParallelGCFailedAllocation (Allocation Failure) done
Event: 7.799 Executing safepoint VM operation: ParallelGCFailedAllocation (Allocation Failure)
Event: 7.802 Executing safepoint VM operation: ParallelGCFailedAllocation (Allocation Failure) done
Event: 7.843 Executing safepoint VM operation: CollectForMetadataAllocation (Metadata GC Threshold)
Event: 7.891 Executing safepoint VM operation: CollectForMetadataAllocation (Metadata GC Threshold) done
Event: 7.992 Executing non-safepoint VM operation: HandshakeAllThreads (Deoptimize)
Event: 7.992 Executing non-safepoint VM operation: HandshakeAllThreads (Deoptimize) done
Event: 8.225 Executing safepoint VM operation: ParallelGCFailedAllocation (Allocation Failure)
Event: 8.228 Executing safepoint VM operation: ParallelGCFailedAllocation (Allocation Failure) done
Event: 8.640 Executing safepoint VM operation: ParallelGCFailedAllocation (Allocation Failure)
Event: 8.643 Executing safepoint VM operation: ParallelGCFailedAllocation (Allocation Failure) done
Event: 9.002 Executing non-safepoint VM operation: HandshakeAllThreads (Deoptimize)
Event: 9.002 Executing non-safepoint VM operation: HandshakeAllThreads (Deoptimize) done
Event: 9.250 Executing non-safepoint VM operation: HandshakeAllThreads (Deoptimize)
Event: 9.250 Executing non-safepoint VM operation: HandshakeAllThreads (Deoptimize) done
Event: 9.294 Executing safepoint VM operation: ParallelGCFailedAllocation (Allocation Failure)
Event: 9.297 Executing safepoint VM operation: ParallelGCFailedAllocation (Allocation Failure) done
Event: 10.310 Executing safepoint VM operation: Cleanup
Event: 10.310 Executing safepoint VM operation: Cleanup done

Memory protections (0 events):
No events

Nmethod flushes (20 events):
Event: 7.863 Thread 0x0000027de06b2880 flushing  nmethod 0x0000027de3f10190
Event: 7.863 Thread 0x0000027de06b2880 flushing  nmethod 0x0000027de3f58b10
Event: 7.863 Thread 0x0000027de06b2880 flushing  nmethod 0x0000027de3f5b890
Event: 7.863 Thread 0x0000027de06b2880 flushing  nmethod 0x0000027de3f92790
Event: 7.863 Thread 0x0000027de06b2880 flushing  nmethod 0x0000027de3f93010
Event: 7.863 Thread 0x0000027de06b2880 flushing  nmethod 0x0000027de3f93910
Event: 7.863 Thread 0x0000027de06b2880 flushing  nmethod 0x0000027de3f94b10
Event: 7.863 Thread 0x0000027de06b2880 flushing  nmethod 0x0000027de3f95310
Event: 7.863 Thread 0x0000027de06b2880 flushing  nmethod 0x0000027de3f96410
Event: 7.863 Thread 0x0000027de06b2880 flushing  nmethod 0x0000027de3f96910
Event: 7.863 Thread 0x0000027de06b2880 flushing  nmethod 0x0000027de3f96e10
Event: 7.863 Thread 0x0000027de06b2880 flushing  nmethod 0x0000027de3f97e10
Event: 7.863 Thread 0x0000027de06b2880 flushing  nmethod 0x0000027de3f98f10
Event: 7.863 Thread 0x0000027de06b2880 flushing  nmethod 0x0000027de3f9a110
Event: 7.863 Thread 0x0000027de06b2880 flushing  nmethod 0x0000027de3f9aa90
Event: 7.863 Thread 0x0000027de06b2880 flushing  nmethod 0x0000027de3f9b290
Event: 7.863 Thread 0x0000027de06b2880 flushing  nmethod 0x0000027de3fea390
Event: 7.863 Thread 0x0000027de06b2880 flushing  nmethod 0x0000027de3fea690
Event: 7.863 Thread 0x0000027de06b2880 flushing  nmethod 0x0000027de4037590
Event: 7.863 Thread 0x0000027de06b2880 flushing  nmethod 0x0000027de406c410

Events (20 events):
Event: 6.736 Thread 0x0000027de06f3f80 Thread added: 0x0000027de06f4d20
Event: 6.736 Thread 0x0000027de06f3f80 Thread added: 0x0000027de06f6190
Event: 6.930 Thread 0x0000027dfdb32660 Thread added: 0x0000027dfdfacf30
Event: 7.223 Thread 0x0000027dfdfac8a0 Thread added: 0x0000027dfdfaae60
Event: 7.405 Thread 0x0000027dfdfaae60 Thread added: 0x0000027dfdfad5c0
Event: 7.425 Thread 0x0000027dfdfad5c0 Thread added: 0x0000027dfdfaa7d0
Event: 7.559 Thread 0x0000027dfdfaa7d0 Thread added: 0x0000027dfdfab4f0
Event: 7.622 Thread 0x0000027de075f8f0 Thread added: 0x0000027dc14352a0
Event: 7.623 Thread 0x0000027de075f8f0 Thread added: 0x0000027dc1433ef0
Event: 7.623 Thread 0x0000027de075f8f0 Thread added: 0x0000027dc1435930
Event: 7.623 Thread 0x0000027de075f8f0 Thread added: 0x0000027dc1433860
Event: 7.623 Thread 0x0000027de075f8f0 Thread added: 0x0000027dc1437370
Event: 7.623 Thread 0x0000027de075f8f0 Thread added: 0x0000027dc1436ce0
Event: 7.623 Thread 0x0000027de075f8f0 Thread added: 0x0000027dc1437a00
Event: 7.624 Thread 0x0000027de075f8f0 Thread added: 0x0000027dc1434580
Event: 7.624 Thread 0x0000027de075f8f0 Thread added: 0x0000027dc1435fc0
Event: 7.699 Thread 0x0000027de075f8f0 Thread added: 0x0000027dc1434c10
Event: 8.107 Thread 0x0000027de075f8f0 Thread added: 0x0000027dc1438090
Event: 8.108 Thread 0x0000027de075f8f0 Thread added: 0x0000027dc1436650
Event: 10.444 Thread 0x0000027de06f6190 Thread exited: 0x0000027de06f6190


Dynamic libraries:
0x00007ff7ded80000 - 0x00007ff7ded8e000 	c:\Users\padma\.vscode\extensions\redhat.java-1.55.0-win32-x64\jre\21.0.11-win32-x86_64\bin\java.exe
0x00007ffeb9700000 - 0x00007ffeb9966000 	C:\WINDOWS\SYSTEM32\ntdll.dll
0x00007ffeb8810000 - 0x00007ffeb88d9000 	C:\WINDOWS\System32\KERNEL32.DLL
0x00007ffeb6ef0000 - 0x00007ffeb72ea000 	C:\WINDOWS\System32\KERNELBASE.dll
0x00007ffeb6c00000 - 0x00007ffeb6d4c000 	C:\WINDOWS\System32\ucrtbase.dll
0x00007ffe85320000 - 0x00007ffe8533e000 	c:\Users\padma\.vscode\extensions\redhat.java-1.55.0-win32-x64\jre\21.0.11-win32-x86_64\bin\VCRUNTIME140.dll
0x00007ffe9cb70000 - 0x00007ffe9cb88000 	c:\Users\padma\.vscode\extensions\redhat.java-1.55.0-win32-x64\jre\21.0.11-win32-x86_64\bin\jli.dll
0x00007ffeb89a0000 - 0x00007ffeb8b67000 	C:\WINDOWS\System32\USER32.dll
0x00007ffe99b30000 - 0x00007ffe99dc2000 	C:\WINDOWS\WinSxS\amd64_microsoft.windows.common-controls_6595b64144ccf1df_6.0.26100.8521_none_3e08b75ce33403b3\COMCTL32.dll
0x00007ffeb6d50000 - 0x00007ffeb6d77000 	C:\WINDOWS\System32\win32u.dll
0x00007ffeb88f0000 - 0x00007ffeb8999000 	C:\WINDOWS\System32\msvcrt.dll
0x00007ffeb94e0000 - 0x00007ffeb950b000 	C:\WINDOWS\System32\GDI32.dll
0x00007ffeb6990000 - 0x00007ffeb6abb000 	C:\WINDOWS\System32\gdi32full.dll
0x00007ffeb6ac0000 - 0x00007ffeb6b63000 	C:\WINDOWS\System32\msvcp_win.dll
0x00007ffeb84e0000 - 0x00007ffeb8512000 	C:\WINDOWS\System32\IMM32.DLL
0x00007ffea9200000 - 0x00007ffea920c000 	c:\Users\padma\.vscode\extensions\redhat.java-1.55.0-win32-x64\jre\21.0.11-win32-x86_64\bin\vcruntime140_1.dll
0x00007ffe71c40000 - 0x00007ffe71ccd000 	c:\Users\padma\.vscode\extensions\redhat.java-1.55.0-win32-x64\jre\21.0.11-win32-x86_64\bin\msvcp140.dll
0x00007ffe29ec0000 - 0x00007ffe2ac62000 	c:\Users\padma\.vscode\extensions\redhat.java-1.55.0-win32-x64\jre\21.0.11-win32-x86_64\bin\server\jvm.dll
0x00007ffeb7470000 - 0x00007ffeb7526000 	C:\WINDOWS\System32\ADVAPI32.dll
0x00007ffeb9510000 - 0x00007ffeb95ba000 	C:\WINDOWS\System32\sechost.dll
0x00007ffeb9030000 - 0x00007ffeb9148000 	C:\WINDOWS\System32\RPCRT4.dll
0x00007ffeb8310000 - 0x00007ffeb8390000 	C:\WINDOWS\System32\WS2_32.dll
0x00007ffeb67f0000 - 0x00007ffeb684e000 	C:\WINDOWS\SYSTEM32\POWRPROF.dll
0x00007ffeb4320000 - 0x00007ffeb4356000 	C:\WINDOWS\SYSTEM32\WINMM.dll
0x00007ffea84f0000 - 0x00007ffea84fb000 	C:\WINDOWS\SYSTEM32\VERSION.dll
0x00007ffeb67d0000 - 0x00007ffeb67e4000 	C:\WINDOWS\SYSTEM32\UMPDC.dll
0x00007ffeb5720000 - 0x00007ffeb573b000 	C:\WINDOWS\SYSTEM32\kernel.appcore.dll
0x00007ffea8fa0000 - 0x00007ffea8faa000 	c:\Users\padma\.vscode\extensions\redhat.java-1.55.0-win32-x64\jre\21.0.11-win32-x86_64\bin\jimage.dll
0x00007ffeb40d0000 - 0x00007ffeb4312000 	C:\WINDOWS\SYSTEM32\DBGHELP.DLL
0x00007ffeb9150000 - 0x00007ffeb94d3000 	C:\WINDOWS\System32\combase.dll
0x00007ffeb83a0000 - 0x00007ffeb8479000 	C:\WINDOWS\System32\OLEAUT32.dll
0x00007ffeb4090000 - 0x00007ffeb40cb000 	C:\WINDOWS\SYSTEM32\dbgcore.DLL
0x00007ffeb6d80000 - 0x00007ffeb6e28000 	C:\WINDOWS\System32\bcryptPrimitives.dll
0x00007ffea7ae0000 - 0x00007ffea7aef000 	c:\Users\padma\.vscode\extensions\redhat.java-1.55.0-win32-x64\jre\21.0.11-win32-x86_64\bin\instrument.dll
0x00007ffe9cb90000 - 0x00007ffe9cbb0000 	c:\Users\padma\.vscode\extensions\redhat.java-1.55.0-win32-x64\jre\21.0.11-win32-x86_64\bin\java.dll
0x00007ffeb7760000 - 0x00007ffeb7ee4000 	C:\WINDOWS\System32\SHELL32.dll
0x00007ffeb4590000 - 0x00007ffeb4e10000 	C:\WINDOWS\SYSTEM32\windows.storage.dll
0x00007ffeb95c0000 - 0x00007ffeb96b6000 	C:\WINDOWS\System32\SHCORE.dll
0x00007ffeb7530000 - 0x00007ffeb7597000 	C:\WINDOWS\System32\shlwapi.dll
0x00007ffeb68b0000 - 0x00007ffeb68d9000 	C:\WINDOWS\SYSTEM32\profapi.dll
0x00007ffe826b0000 - 0x00007ffe826c8000 	c:\Users\padma\.vscode\extensions\redhat.java-1.55.0-win32-x64\jre\21.0.11-win32-x86_64\bin\zip.dll
0x00007ffea77a0000 - 0x00007ffea77b0000 	C:\Users\padma\.vscode\extensions\redhat.java-1.55.0-win32-x64\jre\21.0.11-win32-x86_64\bin\net.dll
0x00007ffea9ce0000 - 0x00007ffea9e09000 	C:\WINDOWS\SYSTEM32\WINHTTP.dll
0x00007ffeb5c90000 - 0x00007ffeb5cfc000 	C:\WINDOWS\system32\mswsock.dll
0x00007ffe80280000 - 0x00007ffe80296000 	C:\Users\padma\.vscode\extensions\redhat.java-1.55.0-win32-x64\jre\21.0.11-win32-x86_64\bin\nio.dll
0x00007ffea6110000 - 0x00007ffea6120000 	c:\Users\padma\.vscode\extensions\redhat.java-1.55.0-win32-x64\jre\21.0.11-win32-x86_64\bin\verify.dll
0x00007ffe75df0000 - 0x00007ffe75e35000 	C:\Users\padma\AppData\Roaming\Code\User\globalStorage\redhat.java\1.55.0\config_win\org.eclipse.equinox.launcher\org.eclipse.equinox.launcher.win32.win32.x86_64_1.3.100.v20260613-0559\eclipse_11924.dll
0x00007ffeb85b0000 - 0x00007ffeb8748000 	C:\WINDOWS\System32\ole32.dll
0x00007ffeb5f70000 - 0x00007ffeb5f8b000 	C:\WINDOWS\SYSTEM32\CRYPTSP.dll
0x00007ffeb5680000 - 0x00007ffeb56b9000 	C:\WINDOWS\system32\rsaenh.dll
0x00007ffeb5d40000 - 0x00007ffeb5d73000 	C:\WINDOWS\SYSTEM32\USERENV.dll
0x00007ffeb6880000 - 0x00007ffeb68aa000 	C:\WINDOWS\SYSTEM32\bcrypt.dll
0x00007ffeb5f90000 - 0x00007ffeb5f9c000 	C:\WINDOWS\SYSTEM32\CRYPTBASE.dll
0x00007ffeb5120000 - 0x00007ffeb5153000 	C:\WINDOWS\SYSTEM32\IPHLPAPI.DLL
0x00007ffeb87d0000 - 0x00007ffeb87da000 	C:\WINDOWS\System32\NSI.dll
0x00007ffe75da0000 - 0x00007ffe75de9000 	C:\Users\padma\AppData\Local\Temp\jna-106423655\jna1216014832337921777.dll
0x00007ffeb80a0000 - 0x00007ffeb80a8000 	C:\WINDOWS\System32\PSAPI.DLL
0x00007ffeae510000 - 0x00007ffeae52d000 	C:\WINDOWS\SYSTEM32\dhcpcsvc6.DLL
0x00007ffea9a00000 - 0x00007ffea9a25000 	C:\WINDOWS\SYSTEM32\dhcpcsvc.DLL

JVMTI agents:
c:\Users\padma\.vscode\extensions\redhat.java-1.55.0-win32-x64\lombok\lombok-1.18.39-4050.jar path:c:\Users\padma\.vscode\extensions\redhat.java-1.55.0-win32-x64\jre\21.0.11-win32-x86_64\bin\instrument.dll, loaded, initialized, instrumentlib options:none

dbghelp: loaded successfully - version: 4.0.5 - missing functions: none
symbol engine: initialized successfully - sym options: 0x614 - pdb path: .;c:\Users\padma\.vscode\extensions\redhat.java-1.55.0-win32-x64\jre\21.0.11-win32-x86_64\bin;C:\WINDOWS\SYSTEM32;C:\WINDOWS\WinSxS\amd64_microsoft.windows.common-controls_6595b64144ccf1df_6.0.26100.8521_none_3e08b75ce33403b3;c:\Users\padma\.vscode\extensions\redhat.java-1.55.0-win32-x64\jre\21.0.11-win32-x86_64\bin\server;C:\Users\padma\AppData\Roaming\Code\User\globalStorage\redhat.java\1.55.0\config_win\org.eclipse.equinox.launcher\org.eclipse.equinox.launcher.win32.win32.x86_64_1.3.100.v20260613-0559;C:\Users\padma\AppData\Local\Temp\jna-106423655

VM Arguments:
jvm_args: --add-modules=ALL-SYSTEM --add-opens=java.base/java.util=ALL-UNNAMED --add-opens=java.base/java.lang=ALL-UNNAMED --add-opens=java.base/sun.nio.fs=ALL-UNNAMED -Declipse.application=org.eclipse.jdt.ls.core.id1 -Dosgi.bundles.defaultStartLevel=4 -Declipse.product=org.eclipse.jdt.ls.core.product -Djava.import.generatesMetadataFilesAtProjectRoot=false -DDetectVMInstallationsJob.disabled=true -Dfile.encoding=utf8 -XX:+UseParallelGC -XX:GCTimeRatio=4 -XX:AdaptiveSizePolicyWeight=90 -Dsun.zip.disableMemoryMapping=true -Xmx2G -Xms100m -Xlog:disable -javaagent:c:\Users\padma\.vscode\extensions\redhat.java-1.55.0-win32-x64\lombok\lombok-1.18.39-4050.jar -XX:+HeapDumpOnOutOfMemoryError -XX:HeapDumpPath=c:\Users\padma\AppData\Roaming\Code\User\workspaceStorage\31a8c9826d4c04839332207054e52c7c\redhat.java -Daether.dependencyCollector.impl=bf 
java_command: c:\Users\padma\.vscode\extensions\redhat.java-1.55.0-win32-x64\server\plugins\org.eclipse.equinox.launcher_1.7.200.v20260619-2039.jar -configuration c:\Users\padma\AppData\Roaming\Code\User\globalStorage\redhat.java\1.55.0\config_win -data c:\Users\padma\AppData\Roaming\Code\User\workspaceStorage\31a8c9826d4c04839332207054e52c7c\redhat.java\jdt_ws --pipe=\\.\pipe\lsp-80cbddd4b2078ce993e99d41ce08da6a-sock
java_class_path (initial): c:\Users\padma\.vscode\extensions\redhat.java-1.55.0-win32-x64\server\plugins\org.eclipse.equinox.launcher_1.7.200.v20260619-2039.jar
Launcher Type: SUN_STANDARD

[Global flags]
    uintx AdaptiveSizePolicyWeight                 = 90                                        {product} {command line}
     intx CICompilerCount                          = 4                                         {product} {ergonomic}
    uintx GCTimeRatio                              = 4                                         {product} {command line}
     bool HeapDumpOnOutOfMemoryError               = true                                   {manageable} {command line}
    ccstr HeapDumpPath                             = c:\Users\padma\AppData\Roaming\Code\User\workspaceStorage\31a8c9826d4c04839332207054e52c7c\redhat.java         {manageable} {command line}
   size_t InitialHeapSize                          = 104857600                                 {product} {command line}
   size_t MaxHeapSize                              = 2147483648                                {product} {command line}
   size_t MaxNewSize                               = 715653120                                 {product} {ergonomic}
   size_t MinHeapDeltaBytes                        = 524288                                    {product} {ergonomic}
   size_t MinHeapSize                              = 104857600                                 {product} {command line}
   size_t NewSize                                  = 34603008                                  {product} {ergonomic}
    uintx NonNMethodCodeHeapSize                   = 5839372                                {pd product} {ergonomic}
    uintx NonProfiledCodeHeapSize                  = 122909434                              {pd product} {ergonomic}
   size_t OldSize                                  = 70254592                                  {product} {ergonomic}
    uintx ProfiledCodeHeapSize                     = 122909434                              {pd product} {ergonomic}
    uintx ReservedCodeCacheSize                    = 251658240                              {pd product} {ergonomic}
     bool SegmentedCodeCache                       = true                                      {product} {ergonomic}
   size_t SoftMaxHeapSize                          = 2147483648                             {manageable} {ergonomic}
     bool UseCompressedOops                        = true                           {product lp64_product} {ergonomic}
     bool UseLargePagesIndividualAllocation        = false                                  {pd product} {ergonomic}
     bool UseParallelGC                            = true                                      {product} {command line}

Logging:
Log output configuration:
 #0: stdout all=off uptime,level,tags foldmultilines=false
 #1: stderr all=off uptime,level,tags foldmultilines=false

Release file:
JAVA_VERSION="21.0.11" 
MODULES="java.base java.compiler java.datatransfer java.xml java.prefs java.desktop java.instrument java.logging java.management java.security.sasl java.naming java.rmi java.management.rmi java.net.http java.scripting java.security.jgss java.transaction.xa java.sql java.sql.rowset java.xml.crypto java.se java.smartcardio jdk.accessibility jdk.internal.jvmstat jdk.attach jdk.charsets jdk.internal.opt jdk.zipfs jdk.compiler jdk.crypto.ec jdk.crypto.cryptoki jdk.crypto.mscapi jdk.dynalink jdk.internal.ed jdk.editpad jdk.hotspot.agent jdk.httpserver jdk.internal.le jdk.internal.vm.ci jdk.internal.vm.compiler jdk.internal.vm.compiler.management jdk.jartool jdk.javadoc jdk.jcmd jdk.management jdk.management.agent jdk.jconsole jdk.jdeps jdk.jdwp.agent jdk.jdi jdk.jfr jdk.jshell jdk.jsobject jdk.jstatd jdk.localedata jdk.management.jfr jdk.naming.dns jdk.naming.rmi jdk.net jdk.nio.mapmode jdk.random jdk.sctp jdk.security.auth jdk.security.jgss jdk.unsupported jdk.unsupported.desktop jdk.xml.dom" 

Environment Variables:
JAVA_HOME=C:\Program Files\Java\jdk-15.0.1
PATH=C:\Program Files\Python311\Scripts\;C:\Program Files\Python311\;C:\Program Files (x86)\Common Files\Oracle\Java\javapath;C:\Program Files\Common Files\Oracle\Java\javapath;C:\Windows\system32;C:\Windows;C:\Windows\System32\Wbem;C:\Windows\System32\WindowsPowerShell\v1.0\;C:\Windows\System32\OpenSSH\;C:\Program Files\NVIDIA Corporation\NVIDIA NvDLISR;C:\WINDOWS\system32;C:\WINDOWS;C:\WINDOWS\System32\Wbem;C:\WINDOWS\System32\WindowsPowerShell\v1.0\;C:\WINDOWS\System32\OpenSSH\;C:\Program Files\Java\jdk-15.0.1\bin;C:\Program Files\dotnet\;C:\Program Files\Java\jdk-15.0.1\bin;C:\Program Files\MySQL\MySQL Server 5.1\bin;C:\Program Files\Git\cmd;C:\Program Files\Git\bin;C:\Program Files (x86)\swipl\bin;C:\Program Files\MongoDB\Server\8.2\bin;C:\Program Files\nodejs\;C:\Release-26.02.0-0\poppler-26.02.0\Library\bin;C:\Program Files\MySQL\MySQL Server 8.0\bin;C:\Program Files\MySQL\MySQL Shell 8.0\bin\;C:\Ruby34-x64\bin;C:\Users\padma\AppData\Local\Microsoft\WindowsApps;C:\Users\padma\AppData\Local\Programs\Microsoft VS Code\bin;C:\Users\padma\AppData\Roaming\npm;C:\Users\padma\AppData\Local\Programs\Antigravity\bin;C:\Users\padma\AppData\Local\Programs\Antigravity IDE\bin;C:\Users\padma\AppData\Local\GitHubDesktop\bin
USERNAME=padma
OS=Windows_NT
PROCESSOR_IDENTIFIER=Intel64 Family 6 Model 126 Stepping 5, GenuineIntel
TMP=C:\Users\padma\AppData\Local\Temp
TEMP=C:\Users\padma\AppData\Local\Temp




Periodic native trim disabled

---------------  S Y S T E M  ---------------

OS:
 Windows 11 , 64 bit Build 26100 (10.0.26100.8521)
OS uptime: 30 days 3:40 hours

CPU: total 8 (initial active 8) (4 cores per cpu, 2 threads per core) family 6 model 126 stepping 5 microcode 0xc2, cx8, cmov, fxsr, ht, mmx, 3dnowpref, sse, sse2, sse3, ssse3, sse4.1, sse4.2, popcnt, lzcnt, tsc, tscinvbit, avx, avx2, aes, erms, clmul, bmi1, bmi2, adx, avx512f, avx512dq, avx512cd, avx512bw, avx512vl, sha, fma, vzeroupper, avx512_vpopcntdq, avx512_vpclmulqdq, avx512_vaes, avx512_vnni, clflush, clflushopt, avx512_vbmi2, avx512_vbmi, rdtscp, rdpid, fsrm, gfni, avx512_bitalg, f16c, pku, avx512_ifma
Processor Information for the first 8 processors :
  Max Mhz: 1190, Current Mhz: 991, Mhz Limit: 987

Memory: 4k page, system-wide physical 7959M (460M free)
TotalPageFile size 32535M (AvailPageFile size 14M)
current process WorkingSet (physical memory assigned to process): 194M, peak: 216M
current process commit charge ("private bytes"): 317M, peak: 336M

vm_info: OpenJDK 64-Bit Server VM (21.0.11+10-LTS) for windows-amd64 JRE (21.0.11+10-LTS), built on 2026-04-21T00:00:00Z by "admin" with MS VC++ 17.12 (VS2022)

END.
